<?xml version="1.0" encoding="UTF-8"?>
<coverage generated="1660798886311" clover="3.2.0">
  <project timestamp="1660798886311" name="All files">
    <metrics statements="415" coveredstatements="365" conditionals="98" coveredconditionals="94" methods="59" coveredmethods="47" elements="572" coveredelements="506" complexity="0" loc="415" ncloc="415" packages="1" files="4" classes="4"/>
    <file name="battleshipGame.js" path="/Users/joshlee/repos/javascript_course/odin-battleship/src/battleshipGame.js">
      <metrics statements="171" coveredstatements="125" conditionals="24" coveredconditionals="23" methods="21" coveredmethods="12"/>
      <line num="1" count="1" type="cond" truecount="1" falsecount="0"/>
      <line num="2" count="18" type="stmt"/>
      <line num="3" count="18" type="stmt"/>
      <line num="4" count="18" type="stmt"/>
      <line num="5" count="18" type="cond" truecount="1" falsecount="0"/>
      <line num="6" count="18" type="stmt"/>
      <line num="7" count="18" type="stmt"/>
      <line num="8" count="18" type="stmt"/>
      <line num="9" count="18" type="stmt"/>
      <line num="10" count="18" type="stmt"/>
      <line num="11" count="18" type="cond" truecount="1" falsecount="0"/>
      <line num="12" count="18" type="stmt"/>
      <line num="13" count="18" type="stmt"/>
      <line num="14" count="18" type="stmt"/>
      <line num="15" count="18" type="stmt"/>
      <line num="16" count="18" type="stmt"/>
      <line num="17" count="18" type="cond" truecount="1" falsecount="0"/>
      <line num="18" count="18" type="stmt"/>
      <line num="19" count="18" type="cond" truecount="1" falsecount="0"/>
      <line num="20" count="18" type="stmt"/>
      <line num="21" count="18" type="cond" truecount="1" falsecount="0"/>
      <line num="22" count="18" type="stmt"/>
      <line num="23" count="18" type="cond" truecount="1" falsecount="0"/>
      <line num="24" count="18" type="cond" truecount="1" falsecount="1"/>
      <line num="25" count="3136" type="stmt"/>
      <line num="26" count="3136" type="stmt"/>
      <line num="27" count="3136" type="cond" truecount="2" falsecount="0"/>
      <line num="28" count="336" type="cond" truecount="1" falsecount="0"/>
      <line num="29" count="5600" type="stmt"/>
      <line num="30" count="5600" type="stmt"/>
      <line num="31" count="336" type="stmt"/>
      <line num="32" count="336" type="stmt"/>
      <line num="33" count="336" type="stmt"/>
      <line num="34" count="3136" type="stmt"/>
      <line num="35" count="3136" type="stmt"/>
      <line num="36" count="3136" type="cond" truecount="1" falsecount="0"/>
      <line num="37" count="3136" type="cond" truecount="1" falsecount="0"/>
      <line num="38" count="3136" type="cond" truecount="1" falsecount="0"/>
      <line num="39" count="3136" type="cond" truecount="1" falsecount="0"/>
      <line num="40" count="3136" type="stmt"/>
      <line num="41" count="3136" type="stmt"/>
      <line num="42" count="3136" type="stmt"/>
      <line num="43" count="18" type="stmt"/>
      <line num="44" count="18" type="cond" truecount="1" falsecount="0"/>
      <line num="45" count="4" type="stmt"/>
      <line num="46" count="4" type="cond" truecount="1" falsecount="0"/>
      <line num="47" count="4" type="stmt"/>
      <line num="48" count="4" type="stmt"/>
      <line num="49" count="18" type="stmt"/>
      <line num="50" count="18" type="cond" truecount="1" falsecount="0"/>
      <line num="51" count="15" type="cond" truecount="1" falsecount="0"/>
      <line num="52" count="30" type="stmt"/>
      <line num="53" count="30" type="stmt"/>
      <line num="54" count="30" type="stmt"/>
      <line num="55" count="30" type="stmt"/>
      <line num="56" count="30" type="stmt"/>
      <line num="57" count="15" type="stmt"/>
      <line num="58" count="18" type="stmt"/>
      <line num="59" count="18" type="cond" truecount="1" falsecount="0"/>
      <line num="60" count="14" type="stmt"/>
      <line num="61" count="14" type="stmt"/>
      <line num="62" count="14" type="stmt"/>
      <line num="63" count="14" type="stmt"/>
      <line num="64" count="14" type="stmt"/>
      <line num="65" count="14" type="stmt"/>
      <line num="66" count="14" type="stmt"/>
      <line num="67" count="14" type="stmt"/>
      <line num="68" count="18" type="stmt"/>
      <line num="69" count="18" type="cond" truecount="1" falsecount="0"/>
      <line num="70" count="28" type="stmt"/>
      <line num="71" count="28" type="stmt"/>
      <line num="72" count="28" type="stmt"/>
      <line num="73" count="28" type="stmt"/>
      <line num="74" count="28" type="stmt"/>
      <line num="75" count="28" type="stmt"/>
      <line num="76" count="28" type="stmt"/>
      <line num="77" count="28" type="stmt"/>
      <line num="78" count="28" type="stmt"/>
      <line num="79" count="28" type="stmt"/>
      <line num="80" count="28" type="cond" truecount="1" falsecount="0"/>
      <line num="81" count="280" type="stmt"/>
      <line num="82" count="280" type="stmt"/>
      <line num="83" count="280" type="stmt"/>
      <line num="84" count="280" type="stmt"/>
      <line num="85" count="280" type="stmt"/>
      <line num="86" count="280" type="cond" truecount="1" falsecount="0"/>
      <line num="87" count="2800" type="stmt"/>
      <line num="88" count="2800" type="stmt"/>
      <line num="89" count="2800" type="stmt"/>
      <line num="90" count="2800" type="stmt"/>
      <line num="91" count="2800" type="stmt"/>
      <line num="92" count="2800" type="stmt"/>
      <line num="93" count="2800" type="stmt"/>
      <line num="94" count="2800" type="stmt"/>
      <line num="95" count="2800" type="stmt"/>
      <line num="96" count="2800" type="stmt"/>
      <line num="97" count="0" type="stmt"/>
      <line num="98" count="0" type="stmt"/>
      <line num="99" count="0" type="stmt"/>
      <line num="100" count="0" type="stmt"/>
      <line num="101" count="0" type="stmt"/>
      <line num="102" count="0" type="stmt"/>
      <line num="103" count="0" type="stmt"/>
      <line num="104" count="0" type="stmt"/>
      <line num="105" count="0" type="stmt"/>
      <line num="106" count="0" type="stmt"/>
      <line num="107" count="0" type="stmt"/>
      <line num="108" count="0" type="stmt"/>
      <line num="109" count="0" type="stmt"/>
      <line num="110" count="0" type="stmt"/>
      <line num="111" count="0" type="stmt"/>
      <line num="112" count="0" type="stmt"/>
      <line num="113" count="2800" type="stmt"/>
      <line num="114" count="280" type="stmt"/>
      <line num="115" count="28" type="stmt"/>
      <line num="116" count="18" type="stmt"/>
      <line num="117" count="18" type="stmt"/>
      <line num="118" count="18" type="stmt"/>
      <line num="119" count="18" type="stmt"/>
      <line num="120" count="0" type="stmt"/>
      <line num="121" count="0" type="stmt"/>
      <line num="122" count="0" type="stmt"/>
      <line num="123" count="0" type="stmt"/>
      <line num="124" count="0" type="stmt"/>
      <line num="125" count="0" type="stmt"/>
      <line num="126" count="18" type="stmt"/>
      <line num="127" count="18" type="stmt"/>
      <line num="128" count="18" type="stmt"/>
      <line num="129" count="18" type="stmt"/>
      <line num="130" count="0" type="stmt"/>
      <line num="131" count="0" type="stmt"/>
      <line num="132" count="0" type="stmt"/>
      <line num="133" count="18" type="stmt"/>
      <line num="134" count="18" type="stmt"/>
      <line num="135" count="0" type="stmt"/>
      <line num="136" count="0" type="stmt"/>
      <line num="137" count="0" type="stmt"/>
      <line num="138" count="0" type="stmt"/>
      <line num="139" count="0" type="stmt"/>
      <line num="140" count="0" type="stmt"/>
      <line num="141" count="0" type="stmt"/>
      <line num="142" count="0" type="stmt"/>
      <line num="143" count="0" type="stmt"/>
      <line num="144" count="0" type="stmt"/>
      <line num="145" count="0" type="stmt"/>
      <line num="146" count="0" type="stmt"/>
      <line num="147" count="0" type="stmt"/>
      <line num="148" count="0" type="stmt"/>
      <line num="149" count="0" type="stmt"/>
      <line num="150" count="0" type="stmt"/>
      <line num="151" count="0" type="stmt"/>
      <line num="152" count="0" type="stmt"/>
      <line num="153" count="0" type="stmt"/>
      <line num="154" count="0" type="stmt"/>
      <line num="155" count="0" type="stmt"/>
      <line num="156" count="18" type="stmt"/>
      <line num="157" count="18" type="stmt"/>
      <line num="158" count="18" type="stmt"/>
      <line num="159" count="18" type="stmt"/>
      <line num="160" count="18" type="stmt"/>
      <line num="161" count="18" type="stmt"/>
      <line num="162" count="18" type="stmt"/>
      <line num="163" count="18" type="stmt"/>
      <line num="164" count="18" type="stmt"/>
      <line num="165" count="18" type="stmt"/>
      <line num="166" count="18" type="stmt"/>
      <line num="167" count="18" type="stmt"/>
      <line num="168" count="18" type="stmt"/>
      <line num="169" count="18" type="stmt"/>
      <line num="170" count="1" type="stmt"/>
      <line num="171" count="1" type="stmt"/>
    </file>
    <file name="gameboard.js" path="/Users/joshlee/repos/javascript_course/odin-battleship/src/gameboard.js">
      <metrics statements="172" coveredstatements="170" conditionals="50" coveredconditionals="49" methods="22" coveredmethods="20"/>
      <line num="1" count="1" type="cond" truecount="1" falsecount="0"/>
      <line num="2" count="44" type="stmt"/>
      <line num="3" count="44" type="stmt"/>
      <line num="4" count="44" type="stmt"/>
      <line num="5" count="44" type="stmt"/>
      <line num="6" count="44" type="stmt"/>
      <line num="7" count="44" type="stmt"/>
      <line num="8" count="44" type="stmt"/>
      <line num="9" count="44" type="cond" truecount="1" falsecount="0"/>
      <line num="10" count="43" type="cond" truecount="1" falsecount="0"/>
      <line num="11" count="376" type="stmt"/>
      <line num="12" count="376" type="stmt"/>
      <line num="13" count="43" type="stmt"/>
      <line num="14" count="44" type="stmt"/>
      <line num="15" count="44" type="cond" truecount="1" falsecount="0"/>
      <line num="16" count="30" type="stmt"/>
      <line num="17" count="30" type="stmt"/>
      <line num="18" count="44" type="stmt"/>
      <line num="19" count="44" type="stmt"/>
      <line num="20" count="44" type="stmt"/>
      <line num="21" count="44" type="cond" truecount="1" falsecount="0"/>
      <line num="22" count="210" type="cond" truecount="1" falsecount="0"/>
      <line num="23" count="6" type="cond" truecount="1" falsecount="0"/>
      <line num="24" count="5" type="stmt"/>
      <line num="25" count="5" type="stmt"/>
      <line num="26" count="1" type="cond" truecount="1" falsecount="0"/>
      <line num="27" count="1" type="stmt"/>
      <line num="28" count="204" type="cond" truecount="1" falsecount="0"/>
      <line num="29" count="204" type="stmt"/>
      <line num="30" count="44" type="stmt"/>
      <line num="31" count="44" type="stmt"/>
      <line num="32" count="44" type="stmt"/>
      <line num="33" count="44" type="cond" truecount="2" falsecount="0"/>
      <line num="34" count="44" type="stmt"/>
      <line num="35" count="44" type="cond" truecount="1" falsecount="0"/>
      <line num="36" count="44" type="stmt"/>
      <line num="37" count="44" type="cond" truecount="1" falsecount="0"/>
      <line num="38" count="44" type="stmt"/>
      <line num="39" count="44" type="cond" truecount="1" falsecount="0"/>
      <line num="40" count="44" type="stmt"/>
      <line num="41" count="44" type="cond" truecount="2" falsecount="0"/>
      <line num="42" count="44" type="stmt"/>
      <line num="43" count="44" type="cond" truecount="1" falsecount="0"/>
      <line num="44" count="23" type="stmt"/>
      <line num="45" count="23" type="cond" truecount="1" falsecount="0"/>
      <line num="46" count="13" type="cond" truecount="1" falsecount="0"/>
      <line num="47" count="34" type="stmt"/>
      <line num="48" count="34" type="stmt"/>
      <line num="49" count="13" type="stmt"/>
      <line num="50" count="23" type="stmt"/>
      <line num="51" count="23" type="cond" truecount="1" falsecount="0"/>
      <line num="52" count="10" type="cond" truecount="1" falsecount="0"/>
      <line num="53" count="27" type="stmt"/>
      <line num="54" count="27" type="stmt"/>
      <line num="55" count="10" type="stmt"/>
      <line num="56" count="23" type="stmt"/>
      <line num="57" count="23" type="stmt"/>
      <line num="58" count="23" type="stmt"/>
      <line num="59" count="44" type="stmt"/>
      <line num="60" count="44" type="cond" truecount="1" falsecount="0"/>
      <line num="61" count="15" type="stmt"/>
      <line num="62" count="15" type="stmt"/>
      <line num="63" count="15" type="stmt"/>
      <line num="64" count="44" type="stmt"/>
      <line num="65" count="44" type="cond" truecount="1" falsecount="0"/>
      <line num="66" count="15" type="stmt"/>
      <line num="67" count="15" type="cond" truecount="1" falsecount="0"/>
      <line num="68" count="10" type="stmt"/>
      <line num="69" count="10" type="stmt"/>
      <line num="70" count="10" type="stmt"/>
      <line num="71" count="10" type="stmt"/>
      <line num="72" count="5" type="cond" truecount="1" falsecount="0"/>
      <line num="73" count="5" type="stmt"/>
      <line num="74" count="5" type="stmt"/>
      <line num="75" count="44" type="stmt"/>
      <line num="76" count="44" type="cond" truecount="1" falsecount="0"/>
      <line num="77" count="15" type="stmt"/>
      <line num="78" count="15" type="stmt"/>
      <line num="79" count="15" type="stmt"/>
      <line num="80" count="15" type="stmt"/>
      <line num="81" count="44" type="stmt"/>
      <line num="82" count="44" type="cond" truecount="1" falsecount="0"/>
      <line num="83" count="57" type="stmt"/>
      <line num="84" count="57" type="cond" truecount="3" falsecount="0"/>
      <line num="85" count="57" type="stmt"/>
      <line num="86" count="57" type="stmt"/>
      <line num="87" count="44" type="stmt"/>
      <line num="88" count="44" type="cond" truecount="1" falsecount="0"/>
      <line num="89" count="6" type="stmt"/>
      <line num="90" count="6" type="stmt"/>
      <line num="91" count="6" type="cond" truecount="1" falsecount="0"/>
      <line num="92" count="18" type="cond" truecount="2" falsecount="0"/>
      <line num="93" count="2" type="stmt"/>
      <line num="94" count="2" type="stmt"/>
      <line num="95" count="16" type="cond" truecount="1" falsecount="0"/>
      <line num="96" count="16" type="stmt"/>
      <line num="97" count="6" type="stmt"/>
      <line num="98" count="44" type="stmt"/>
      <line num="99" count="44" type="cond" truecount="1" falsecount="0"/>
      <line num="100" count="42" type="stmt"/>
      <line num="101" count="42" type="stmt"/>
      <line num="102" count="44" type="stmt"/>
      <line num="103" count="44" type="cond" truecount="1" falsecount="0"/>
      <line num="104" count="17" type="stmt"/>
      <line num="105" count="17" type="cond" truecount="1" falsecount="0"/>
      <line num="106" count="42" type="stmt"/>
      <line num="107" count="42" type="stmt"/>
      <line num="108" count="42" type="stmt"/>
      <line num="109" count="17" type="stmt"/>
      <line num="110" count="44" type="stmt"/>
      <line num="111" count="44" type="cond" truecount="1" falsecount="0"/>
      <line num="112" count="42" type="stmt"/>
      <line num="113" count="42" type="stmt"/>
      <line num="114" count="42" type="stmt"/>
      <line num="115" count="42" type="stmt"/>
      <line num="116" count="42" type="cond" truecount="2" falsecount="0"/>
      <line num="117" count="42" type="stmt"/>
      <line num="118" count="42" type="cond" truecount="1" falsecount="0"/>
      <line num="119" count="17" type="stmt"/>
      <line num="120" count="17" type="stmt"/>
      <line num="121" count="42" type="cond" truecount="0" falsecount="1"/>
      <line num="122" count="0" type="stmt"/>
      <line num="123" count="0" type="stmt"/>
      <line num="124" count="42" type="stmt"/>
      <line num="125" count="42" type="stmt"/>
      <line num="126" count="44" type="stmt"/>
      <line num="127" count="44" type="cond" truecount="1" falsecount="0"/>
      <line num="128" count="3" type="stmt"/>
      <line num="129" count="3" type="cond" truecount="1" falsecount="0"/>
      <line num="130" count="18" type="cond" truecount="1" falsecount="0"/>
      <line num="131" count="132" type="cond" truecount="1" falsecount="0"/>
      <line num="132" count="127" type="stmt"/>
      <line num="133" count="127" type="stmt"/>
      <line num="134" count="132" type="stmt"/>
      <line num="135" count="18" type="stmt"/>
      <line num="136" count="3" type="stmt"/>
      <line num="137" count="3" type="stmt"/>
      <line num="138" count="44" type="stmt"/>
      <line num="139" count="44" type="cond" truecount="1" falsecount="0"/>
      <line num="140" count="1" type="stmt"/>
      <line num="141" count="1" type="stmt"/>
      <line num="142" count="1" type="cond" truecount="1" falsecount="0"/>
      <line num="143" count="10" type="cond" truecount="1" falsecount="0"/>
      <line num="144" count="100" type="stmt"/>
      <line num="145" count="100" type="stmt"/>
      <line num="146" count="100" type="stmt"/>
      <line num="147" count="100" type="stmt"/>
      <line num="148" count="10" type="stmt"/>
      <line num="149" count="1" type="stmt"/>
      <line num="150" count="1" type="stmt"/>
      <line num="151" count="44" type="stmt"/>
      <line num="152" count="44" type="stmt"/>
      <line num="153" count="44" type="stmt"/>
      <line num="154" count="44" type="stmt"/>
      <line num="155" count="44" type="stmt"/>
      <line num="156" count="44" type="stmt"/>
      <line num="157" count="44" type="stmt"/>
      <line num="158" count="44" type="stmt"/>
      <line num="159" count="44" type="stmt"/>
      <line num="160" count="44" type="stmt"/>
      <line num="161" count="44" type="stmt"/>
      <line num="162" count="44" type="stmt"/>
      <line num="163" count="44" type="stmt"/>
      <line num="164" count="44" type="stmt"/>
      <line num="165" count="44" type="stmt"/>
      <line num="166" count="44" type="stmt"/>
      <line num="167" count="44" type="stmt"/>
      <line num="168" count="44" type="stmt"/>
      <line num="169" count="44" type="stmt"/>
      <line num="170" count="44" type="stmt"/>
      <line num="171" count="1" type="stmt"/>
      <line num="172" count="1" type="stmt"/>
    </file>
    <file name="player.js" path="/Users/joshlee/repos/javascript_course/odin-battleship/src/player.js">
      <metrics statements="43" coveredstatements="41" conditionals="14" coveredconditionals="12" methods="8" coveredmethods="7"/>
      <line num="1" count="1" type="cond" truecount="4" falsecount="0"/>
      <line num="2" count="37" type="stmt"/>
      <line num="3" count="37" type="cond" truecount="1" falsecount="0"/>
      <line num="4" count="37" type="cond" truecount="2" falsecount="0"/>
      <line num="5" count="37" type="stmt"/>
      <line num="6" count="37" type="cond" truecount="1" falsecount="0"/>
      <line num="7" count="37" type="stmt"/>
      <line num="8" count="37" type="stmt"/>
      <line num="9" count="37" type="stmt"/>
      <line num="10" count="37" type="cond" truecount="1" falsecount="0"/>
      <line num="11" count="31" type="stmt"/>
      <line num="12" count="31" type="stmt"/>
      <line num="13" count="37" type="stmt"/>
      <line num="14" count="37" type="cond" truecount="1" falsecount="0"/>
      <line num="15" count="37" type="stmt"/>
      <line num="16" count="37" type="cond" truecount="1" falsecount="0"/>
      <line num="17" count="12" type="stmt"/>
      <line num="18" count="12" type="cond" truecount="0" falsecount="1"/>
      <line num="19" count="12" type="stmt"/>
      <line num="20" count="12" type="stmt"/>
      <line num="21" count="12" type="stmt"/>
      <line num="22" count="12" type="stmt"/>
      <line num="23" count="37" type="stmt"/>
      <line num="24" count="37" type="cond" truecount="1" falsecount="0"/>
      <line num="25" count="1" type="stmt"/>
      <line num="26" count="1" type="stmt"/>
      <line num="27" count="1" type="stmt"/>
      <line num="28" count="1" type="stmt"/>
      <line num="29" count="1" type="stmt"/>
      <line num="30" count="1" type="stmt"/>
      <line num="31" count="0" type="cond" truecount="0" falsecount="1"/>
      <line num="32" count="0" type="stmt"/>
      <line num="33" count="37" type="stmt"/>
      <line num="34" count="37" type="stmt"/>
      <line num="35" count="37" type="stmt"/>
      <line num="36" count="37" type="stmt"/>
      <line num="37" count="37" type="stmt"/>
      <line num="38" count="37" type="stmt"/>
      <line num="39" count="37" type="stmt"/>
      <line num="40" count="37" type="stmt"/>
      <line num="41" count="37" type="stmt"/>
      <line num="42" count="1" type="stmt"/>
      <line num="43" count="1" type="stmt"/>
    </file>
    <file name="ship.js" path="/Users/joshlee/repos/javascript_course/odin-battleship/src/ship.js">
      <metrics statements="29" coveredstatements="29" conditionals="10" coveredconditionals="10" methods="8" coveredmethods="8"/>
      <line num="1" count="1" type="cond" truecount="1" falsecount="0"/>
      <line num="2" count="38" type="stmt"/>
      <line num="3" count="38" type="cond" truecount="1" falsecount="0"/>
      <line num="4" count="38" type="stmt"/>
      <line num="5" count="38" type="stmt"/>
      <line num="6" count="38" type="cond" truecount="2" falsecount="0"/>
      <line num="7" count="38" type="stmt"/>
      <line num="8" count="38" type="cond" truecount="1" falsecount="0"/>
      <line num="9" count="38" type="stmt"/>
      <line num="10" count="38" type="cond" truecount="1" falsecount="0"/>
      <line num="11" count="38" type="stmt"/>
      <line num="12" count="38" type="cond" truecount="1" falsecount="0"/>
      <line num="13" count="38" type="stmt"/>
      <line num="14" count="38" type="cond" truecount="1" falsecount="0"/>
      <line num="15" count="38" type="stmt"/>
      <line num="16" count="38" type="cond" truecount="2" falsecount="0"/>
      <line num="17" count="38" type="stmt"/>
      <line num="18" count="38" type="stmt"/>
      <line num="19" count="38" type="stmt"/>
      <line num="20" count="38" type="stmt"/>
      <line num="21" count="38" type="stmt"/>
      <line num="22" count="38" type="stmt"/>
      <line num="23" count="38" type="stmt"/>
      <line num="24" count="38" type="stmt"/>
      <line num="25" count="38" type="stmt"/>
      <line num="26" count="38" type="stmt"/>
      <line num="27" count="38" type="stmt"/>
      <line num="28" count="1" type="stmt"/>
      <line num="29" count="1" type="stmt"/>
    </file>
  </project>
</coverage>
