{"/Users/joshlee/repos/javascript_course/odin-battleship/src/battleshipGame.js": {"path":"/Users/joshlee/repos/javascript_course/odin-battleship/src/battleshipGame.js","all":false,"statementMap":{"0":{"start":{"line":1,"column":0},"end":{"line":1,"column":30}},"1":{"start":{"line":2,"column":0},"end":{"line":2,"column":21}},"2":{"start":{"line":3,"column":0},"end":{"line":3,"column":29}},"3":{"start":{"line":4,"column":0},"end":{"line":4,"column":0}},"4":{"start":{"line":5,"column":0},"end":{"line":5,"column":35}},"5":{"start":{"line":6,"column":0},"end":{"line":6,"column":0}},"6":{"start":{"line":7,"column":0},"end":{"line":7,"column":78}},"7":{"start":{"line":8,"column":0},"end":{"line":8,"column":0}},"8":{"start":{"line":9,"column":0},"end":{"line":9,"column":74}},"9":{"start":{"line":10,"column":0},"end":{"line":10,"column":0}},"10":{"start":{"line":11,"column":0},"end":{"line":11,"column":73}},"11":{"start":{"line":12,"column":0},"end":{"line":12,"column":0}},"12":{"start":{"line":13,"column":0},"end":{"line":13,"column":53}},"13":{"start":{"line":14,"column":0},"end":{"line":14,"column":0}},"14":{"start":{"line":15,"column":0},"end":{"line":15,"column":70}},"15":{"start":{"line":16,"column":0},"end":{"line":16,"column":0}},"16":{"start":{"line":17,"column":0},"end":{"line":17,"column":57}},"17":{"start":{"line":18,"column":0},"end":{"line":18,"column":0}},"18":{"start":{"line":19,"column":0},"end":{"line":19,"column":76}},"19":{"start":{"line":20,"column":0},"end":{"line":20,"column":0}},"20":{"start":{"line":21,"column":0},"end":{"line":21,"column":63}},"21":{"start":{"line":22,"column":0},"end":{"line":22,"column":0}},"22":{"start":{"line":23,"column":0},"end":{"line":23,"column":85}},"23":{"start":{"line":24,"column":0},"end":{"line":24,"column":48}},"24":{"start":{"line":25,"column":0},"end":{"line":25,"column":48}},"25":{"start":{"line":26,"column":0},"end":{"line":26,"column":28}},"26":{"start":{"line":27,"column":0},"end":{"line":27,"column":45}},"27":{"start":{"line":28,"column":0},"end":{"line":28,"column":55}},"28":{"start":{"line":29,"column":0},"end":{"line":29,"column":48}},"29":{"start":{"line":30,"column":0},"end":{"line":30,"column":11}},"30":{"start":{"line":31,"column":0},"end":{"line":31,"column":14}},"31":{"start":{"line":32,"column":0},"end":{"line":32,"column":49}},"32":{"start":{"line":33,"column":0},"end":{"line":33,"column":7}},"33":{"start":{"line":34,"column":0},"end":{"line":34,"column":5}},"34":{"start":{"line":35,"column":0},"end":{"line":35,"column":0}},"35":{"start":{"line":36,"column":0},"end":{"line":36,"column":53}},"36":{"start":{"line":37,"column":0},"end":{"line":37,"column":53}},"37":{"start":{"line":38,"column":0},"end":{"line":38,"column":67}},"38":{"start":{"line":39,"column":0},"end":{"line":39,"column":113}},"39":{"start":{"line":40,"column":0},"end":{"line":40,"column":0}},"40":{"start":{"line":41,"column":0},"end":{"line":41,"column":19}},"41":{"start":{"line":42,"column":0},"end":{"line":42,"column":4}},"42":{"start":{"line":43,"column":0},"end":{"line":43,"column":0}},"43":{"start":{"line":44,"column":0},"end":{"line":44,"column":33}},"44":{"start":{"line":45,"column":0},"end":{"line":45,"column":43}},"45":{"start":{"line":46,"column":0},"end":{"line":46,"column":55}},"46":{"start":{"line":47,"column":0},"end":{"line":47,"column":21}},"47":{"start":{"line":48,"column":0},"end":{"line":48,"column":4}},"48":{"start":{"line":49,"column":0},"end":{"line":49,"column":0}},"49":{"start":{"line":50,"column":0},"end":{"line":50,"column":65}},"50":{"start":{"line":51,"column":0},"end":{"line":51,"column":33}},"51":{"start":{"line":52,"column":0},"end":{"line":52,"column":42}},"52":{"start":{"line":53,"column":0},"end":{"line":53,"column":37}},"53":{"start":{"line":54,"column":0},"end":{"line":54,"column":54}},"54":{"start":{"line":55,"column":0},"end":{"line":55,"column":36}},"55":{"start":{"line":56,"column":0},"end":{"line":56,"column":7}},"56":{"start":{"line":57,"column":0},"end":{"line":57,"column":4}},"57":{"start":{"line":58,"column":0},"end":{"line":58,"column":0}},"58":{"start":{"line":59,"column":0},"end":{"line":59,"column":35}},"59":{"start":{"line":60,"column":0},"end":{"line":60,"column":68}},"60":{"start":{"line":61,"column":0},"end":{"line":61,"column":64}},"61":{"start":{"line":62,"column":0},"end":{"line":62,"column":57}},"62":{"start":{"line":63,"column":0},"end":{"line":63,"column":53}},"63":{"start":{"line":64,"column":0},"end":{"line":64,"column":0}},"64":{"start":{"line":65,"column":0},"end":{"line":65,"column":69}},"65":{"start":{"line":66,"column":0},"end":{"line":66,"column":69}},"66":{"start":{"line":67,"column":0},"end":{"line":67,"column":4}},"67":{"start":{"line":68,"column":0},"end":{"line":68,"column":0}},"68":{"start":{"line":69,"column":0},"end":{"line":69,"column":86}},"69":{"start":{"line":70,"column":0},"end":{"line":70,"column":93}},"70":{"start":{"line":71,"column":0},"end":{"line":71,"column":59}},"71":{"start":{"line":72,"column":0},"end":{"line":72,"column":0}},"72":{"start":{"line":73,"column":0},"end":{"line":73,"column":54}},"73":{"start":{"line":74,"column":0},"end":{"line":74,"column":41}},"74":{"start":{"line":75,"column":0},"end":{"line":75,"column":38}},"75":{"start":{"line":76,"column":0},"end":{"line":76,"column":7}},"76":{"start":{"line":77,"column":0},"end":{"line":77,"column":0}},"77":{"start":{"line":78,"column":0},"end":{"line":78,"column":52}},"78":{"start":{"line":79,"column":0},"end":{"line":79,"column":0}},"79":{"start":{"line":80,"column":0},"end":{"line":80,"column":74}},"80":{"start":{"line":81,"column":0},"end":{"line":81,"column":43}},"81":{"start":{"line":82,"column":0},"end":{"line":82,"column":25}},"82":{"start":{"line":83,"column":0},"end":{"line":83,"column":9}},"83":{"start":{"line":84,"column":0},"end":{"line":84,"column":48}},"84":{"start":{"line":85,"column":0},"end":{"line":85,"column":0}},"85":{"start":{"line":86,"column":0},"end":{"line":86,"column":44}},"86":{"start":{"line":87,"column":0},"end":{"line":87,"column":47}},"87":{"start":{"line":88,"column":0},"end":{"line":88,"column":40}},"88":{"start":{"line":89,"column":0},"end":{"line":89,"column":33}},"89":{"start":{"line":90,"column":0},"end":{"line":90,"column":36}},"90":{"start":{"line":91,"column":0},"end":{"line":91,"column":56}},"91":{"start":{"line":92,"column":0},"end":{"line":92,"column":11}},"92":{"start":{"line":93,"column":0},"end":{"line":93,"column":0}},"93":{"start":{"line":94,"column":0},"end":{"line":94,"column":37}},"94":{"start":{"line":95,"column":0},"end":{"line":95,"column":0}},"95":{"start":{"line":96,"column":0},"end":{"line":96,"column":50}},"96":{"start":{"line":97,"column":0},"end":{"line":97,"column":61}},"97":{"start":{"line":98,"column":0},"end":{"line":98,"column":39}},"98":{"start":{"line":99,"column":0},"end":{"line":99,"column":60}},"99":{"start":{"line":100,"column":0},"end":{"line":100,"column":44}},"100":{"start":{"line":101,"column":0},"end":{"line":101,"column":79}},"101":{"start":{"line":102,"column":0},"end":{"line":102,"column":66}},"102":{"start":{"line":103,"column":0},"end":{"line":103,"column":31}},"103":{"start":{"line":104,"column":0},"end":{"line":104,"column":57}},"104":{"start":{"line":105,"column":0},"end":{"line":105,"column":20}},"105":{"start":{"line":106,"column":0},"end":{"line":106,"column":87}},"106":{"start":{"line":107,"column":0},"end":{"line":107,"column":33}},"107":{"start":{"line":108,"column":0},"end":{"line":108,"column":59}},"108":{"start":{"line":109,"column":0},"end":{"line":109,"column":15}},"109":{"start":{"line":110,"column":0},"end":{"line":110,"column":13}},"110":{"start":{"line":111,"column":0},"end":{"line":111,"column":11}},"111":{"start":{"line":112,"column":0},"end":{"line":112,"column":11}},"112":{"start":{"line":113,"column":0},"end":{"line":113,"column":9}},"113":{"start":{"line":114,"column":0},"end":{"line":114,"column":7}},"114":{"start":{"line":115,"column":0},"end":{"line":115,"column":4}},"115":{"start":{"line":116,"column":0},"end":{"line":116,"column":0}},"116":{"start":{"line":117,"column":0},"end":{"line":117,"column":92}},"117":{"start":{"line":118,"column":0},"end":{"line":118,"column":0}},"118":{"start":{"line":119,"column":0},"end":{"line":119,"column":52}},"119":{"start":{"line":120,"column":0},"end":{"line":120,"column":56}},"120":{"start":{"line":121,"column":0},"end":{"line":121,"column":20}},"121":{"start":{"line":122,"column":0},"end":{"line":122,"column":8}},"122":{"start":{"line":123,"column":0},"end":{"line":123,"column":8}},"123":{"start":{"line":124,"column":0},"end":{"line":124,"column":6}},"124":{"start":{"line":125,"column":0},"end":{"line":125,"column":4}},"125":{"start":{"line":126,"column":0},"end":{"line":126,"column":0}},"126":{"start":{"line":127,"column":0},"end":{"line":127,"column":47}},"127":{"start":{"line":128,"column":0},"end":{"line":128,"column":0}},"128":{"start":{"line":129,"column":0},"end":{"line":129,"column":56}},"129":{"start":{"line":130,"column":0},"end":{"line":130,"column":88}},"130":{"start":{"line":131,"column":0},"end":{"line":131,"column":35}},"131":{"start":{"line":132,"column":0},"end":{"line":132,"column":4}},"132":{"start":{"line":133,"column":0},"end":{"line":133,"column":0}},"133":{"start":{"line":134,"column":0},"end":{"line":134,"column":79}},"134":{"start":{"line":135,"column":0},"end":{"line":135,"column":44}},"135":{"start":{"line":136,"column":0},"end":{"line":136,"column":0}},"136":{"start":{"line":137,"column":0},"end":{"line":137,"column":36}},"137":{"start":{"line":138,"column":0},"end":{"line":138,"column":40}},"138":{"start":{"line":139,"column":0},"end":{"line":139,"column":0}},"139":{"start":{"line":140,"column":0},"end":{"line":140,"column":38}},"140":{"start":{"line":141,"column":0},"end":{"line":141,"column":38}},"141":{"start":{"line":142,"column":0},"end":{"line":142,"column":61}},"142":{"start":{"line":143,"column":0},"end":{"line":143,"column":39}},"143":{"start":{"line":144,"column":0},"end":{"line":144,"column":0}},"144":{"start":{"line":145,"column":0},"end":{"line":145,"column":46}},"145":{"start":{"line":146,"column":0},"end":{"line":146,"column":47}},"146":{"start":{"line":147,"column":0},"end":{"line":147,"column":0}},"147":{"start":{"line":148,"column":0},"end":{"line":148,"column":47}},"148":{"start":{"line":149,"column":0},"end":{"line":149,"column":46}},"149":{"start":{"line":150,"column":0},"end":{"line":150,"column":84}},"150":{"start":{"line":151,"column":0},"end":{"line":151,"column":84}},"151":{"start":{"line":152,"column":0},"end":{"line":152,"column":0}},"152":{"start":{"line":153,"column":0},"end":{"line":153,"column":84}},"153":{"start":{"line":154,"column":0},"end":{"line":154,"column":84}},"154":{"start":{"line":155,"column":0},"end":{"line":155,"column":4}},"155":{"start":{"line":156,"column":0},"end":{"line":156,"column":0}},"156":{"start":{"line":157,"column":0},"end":{"line":157,"column":10}},"157":{"start":{"line":158,"column":0},"end":{"line":158,"column":15}},"158":{"start":{"line":159,"column":0},"end":{"line":159,"column":14}},"159":{"start":{"line":160,"column":0},"end":{"line":160,"column":20}},"160":{"start":{"line":161,"column":0},"end":{"line":161,"column":28}},"161":{"start":{"line":162,"column":0},"end":{"line":162,"column":26}},"162":{"start":{"line":163,"column":0},"end":{"line":163,"column":26}},"163":{"start":{"line":164,"column":0},"end":{"line":164,"column":25}},"164":{"start":{"line":165,"column":0},"end":{"line":165,"column":22}},"165":{"start":{"line":166,"column":0},"end":{"line":166,"column":22}},"166":{"start":{"line":167,"column":0},"end":{"line":167,"column":21}},"167":{"start":{"line":168,"column":0},"end":{"line":168,"column":4}},"168":{"start":{"line":169,"column":0},"end":{"line":169,"column":2}},"169":{"start":{"line":170,"column":0},"end":{"line":170,"column":0}},"170":{"start":{"line":171,"column":0},"end":{"line":171,"column":30}}},"s":{"0":1,"1":18,"2":18,"3":18,"4":18,"5":18,"6":18,"7":18,"8":18,"9":18,"10":18,"11":18,"12":18,"13":18,"14":18,"15":18,"16":18,"17":18,"18":18,"19":18,"20":18,"21":18,"22":18,"23":18,"24":3136,"25":3136,"26":3136,"27":336,"28":5600,"29":5600,"30":336,"31":336,"32":336,"33":3136,"34":3136,"35":3136,"36":3136,"37":3136,"38":3136,"39":3136,"40":3136,"41":3136,"42":18,"43":18,"44":4,"45":4,"46":4,"47":4,"48":18,"49":18,"50":15,"51":30,"52":30,"53":30,"54":30,"55":30,"56":15,"57":18,"58":18,"59":14,"60":14,"61":14,"62":14,"63":14,"64":14,"65":14,"66":14,"67":18,"68":18,"69":28,"70":28,"71":28,"72":28,"73":28,"74":28,"75":28,"76":28,"77":28,"78":28,"79":28,"80":280,"81":280,"82":280,"83":280,"84":280,"85":280,"86":2800,"87":2800,"88":2800,"89":2800,"90":2800,"91":2800,"92":2800,"93":2800,"94":2800,"95":2800,"96":0,"97":0,"98":0,"99":0,"100":0,"101":0,"102":0,"103":0,"104":0,"105":0,"106":0,"107":0,"108":0,"109":0,"110":0,"111":0,"112":2800,"113":280,"114":28,"115":18,"116":18,"117":18,"118":18,"119":0,"120":0,"121":0,"122":0,"123":0,"124":0,"125":18,"126":18,"127":18,"128":18,"129":0,"130":0,"131":0,"132":18,"133":18,"134":0,"135":0,"136":0,"137":0,"138":0,"139":0,"140":0,"141":0,"142":0,"143":0,"144":0,"145":0,"146":0,"147":0,"148":0,"149":0,"150":0,"151":0,"152":0,"153":0,"154":0,"155":18,"156":18,"157":18,"158":18,"159":18,"160":18,"161":18,"162":18,"163":18,"164":18,"165":18,"166":18,"167":18,"168":18,"169":1,"170":1},"branchMap":{"0":{"type":"branch","line":1,"loc":{"start":{"line":1,"column":23},"end":{"line":169,"column":2}},"locations":[{"start":{"line":1,"column":23},"end":{"line":169,"column":2}}]},"1":{"type":"branch","line":5,"loc":{"start":{"line":5,"column":21},"end":{"line":5,"column":27}},"locations":[{"start":{"line":5,"column":21},"end":{"line":5,"column":27}}]},"2":{"type":"branch","line":11,"loc":{"start":{"line":11,"column":25},"end":{"line":11,"column":26}},"locations":[{"start":{"line":11,"column":25},"end":{"line":11,"column":26}}]},"3":{"type":"branch","line":17,"loc":{"start":{"line":17,"column":32},"end":{"line":17,"column":38}},"locations":[{"start":{"line":17,"column":32},"end":{"line":17,"column":38}}]},"4":{"type":"branch","line":19,"loc":{"start":{"line":19,"column":32},"end":{"line":19,"column":33}},"locations":[{"start":{"line":19,"column":32},"end":{"line":19,"column":33}}]},"5":{"type":"branch","line":21,"loc":{"start":{"line":21,"column":20},"end":{"line":21,"column":21}},"locations":[{"start":{"line":21,"column":20},"end":{"line":21,"column":21}}]},"6":{"type":"branch","line":23,"loc":{"start":{"line":23,"column":34},"end":{"line":23,"column":40}},"locations":[{"start":{"line":23,"column":34},"end":{"line":23,"column":40}}]},"7":{"type":"branch","line":24,"loc":{"start":{"line":24,"column":24},"end":{"line":42,"column":4}},"locations":[{"start":{"line":24,"column":24},"end":{"line":42,"column":4}}]},"8":{"type":"branch","line":24,"loc":{"start":{"line":24,"column":47},"end":{"line":24,"column":46}},"locations":[{"start":{"line":24,"column":47},"end":{"line":24,"column":46}}]},"9":{"type":"branch","line":27,"loc":{"start":{"line":27,"column":44},"end":{"line":31,"column":13}},"locations":[{"start":{"line":27,"column":44},"end":{"line":31,"column":13}}]},"10":{"type":"branch","line":27,"loc":{"start":{"line":27,"column":6},"end":{"line":33,"column":7}},"locations":[{"start":{"line":27,"column":6},"end":{"line":33,"column":7}}]},"11":{"type":"branch","line":36,"loc":{"start":{"line":36,"column":19},"end":{"line":36,"column":53}},"locations":[{"start":{"line":36,"column":19},"end":{"line":36,"column":53}}]},"12":{"type":"branch","line":37,"loc":{"start":{"line":37,"column":19},"end":{"line":37,"column":53}},"locations":[{"start":{"line":37,"column":19},"end":{"line":37,"column":53}}]},"13":{"type":"branch","line":38,"loc":{"start":{"line":38,"column":25},"end":{"line":38,"column":67}},"locations":[{"start":{"line":38,"column":25},"end":{"line":38,"column":67}}]},"14":{"type":"branch","line":39,"loc":{"start":{"line":39,"column":39},"end":{"line":39,"column":113}},"locations":[{"start":{"line":39,"column":39},"end":{"line":39,"column":113}}]},"15":{"type":"branch","line":28,"loc":{"start":{"line":28,"column":34},"end":{"line":30,"column":11}},"locations":[{"start":{"line":28,"column":34},"end":{"line":30,"column":11}}]},"16":{"type":"branch","line":44,"loc":{"start":{"line":44,"column":26},"end":{"line":48,"column":4}},"locations":[{"start":{"line":44,"column":26},"end":{"line":48,"column":4}}]},"17":{"type":"branch","line":46,"loc":{"start":{"line":46,"column":37},"end":{"line":46,"column":55}},"locations":[{"start":{"line":46,"column":37},"end":{"line":46,"column":55}}]},"18":{"type":"branch","line":50,"loc":{"start":{"line":50,"column":31},"end":{"line":57,"column":4}},"locations":[{"start":{"line":50,"column":31},"end":{"line":57,"column":4}}]},"19":{"type":"branch","line":51,"loc":{"start":{"line":51,"column":20},"end":{"line":56,"column":7}},"locations":[{"start":{"line":51,"column":20},"end":{"line":56,"column":7}}]},"20":{"type":"branch","line":59,"loc":{"start":{"line":59,"column":28},"end":{"line":67,"column":4}},"locations":[{"start":{"line":59,"column":28},"end":{"line":67,"column":4}}]},"21":{"type":"branch","line":69,"loc":{"start":{"line":69,"column":37},"end":{"line":115,"column":4}},"locations":[{"start":{"line":69,"column":37},"end":{"line":115,"column":4}}]},"22":{"type":"branch","line":80,"loc":{"start":{"line":80,"column":54},"end":{"line":114,"column":7}},"locations":[{"start":{"line":80,"column":54},"end":{"line":114,"column":7}}]},"23":{"type":"branch","line":86,"loc":{"start":{"line":86,"column":18},"end":{"line":113,"column":9}},"locations":[{"start":{"line":86,"column":18},"end":{"line":113,"column":9}}]}},"b":{"0":[18],"1":[23],"2":[30],"3":[4],"4":[5],"5":[34],"6":[1],"7":[3136],"8":[0],"9":[2800],"10":[336],"11":[2800],"12":[2800],"13":[28],"14":[2800],"15":[5600],"16":[4],"17":[2],"18":[15],"19":[30],"20":[14],"21":[28],"22":[280],"23":[2800]},"fnMap":{"0":{"name":"BattleshipGame","decl":{"start":{"line":1,"column":23},"end":{"line":169,"column":2}},"loc":{"start":{"line":1,"column":23},"end":{"line":169,"column":2}},"line":1},"1":{"name":"getPlayers","decl":{"start":{"line":5,"column":21},"end":{"line":5,"column":27}},"loc":{"start":{"line":5,"column":21},"end":{"line":5,"column":27}},"line":5},"2":{"name":"getComputerPlayer","decl":{"start":{"line":7,"column":28},"end":{"line":7,"column":34}},"loc":{"start":{"line":7,"column":28},"end":{"line":7,"column":34}},"line":7},"3":{"name":"getHumanPlayer","decl":{"start":{"line":9,"column":25},"end":{"line":9,"column":31}},"loc":{"start":{"line":9,"column":25},"end":{"line":9,"column":31}},"line":9},"4":{"name":"getPlayerIndex","decl":{"start":{"line":11,"column":25},"end":{"line":11,"column":26}},"loc":{"start":{"line":11,"column":25},"end":{"line":11,"column":26}},"line":11},"5":{"name":"getPlayerByIndex","decl":{"start":{"line":13,"column":27},"end":{"line":13,"column":28}},"loc":{"start":{"line":13,"column":27},"end":{"line":13,"column":28}},"line":13},"6":{"name":"getCurrentPlayer","decl":{"start":{"line":15,"column":27},"end":{"line":15,"column":33}},"loc":{"start":{"line":15,"column":27},"end":{"line":15,"column":33}},"line":15},"7":{"name":"getCurrentPlayerIndex","decl":{"start":{"line":17,"column":32},"end":{"line":17,"column":38}},"loc":{"start":{"line":17,"column":32},"end":{"line":17,"column":38}},"line":17},"8":{"name":"setCurrentPlayerIndex","decl":{"start":{"line":19,"column":32},"end":{"line":19,"column":33}},"loc":{"start":{"line":19,"column":32},"end":{"line":19,"column":33}},"line":19},"9":{"name":"addPlayer","decl":{"start":{"line":21,"column":20},"end":{"line":21,"column":21}},"loc":{"start":{"line":21,"column":20},"end":{"line":21,"column":21}},"line":21},"10":{"name":"chooseRandomPlayerIndex","decl":{"start":{"line":23,"column":34},"end":{"line":23,"column":40}},"loc":{"start":{"line":23,"column":34},"end":{"line":23,"column":40}},"line":23},"11":{"name":"createElement","decl":{"start":{"line":24,"column":24},"end":{"line":42,"column":4}},"loc":{"start":{"line":24,"column":24},"end":{"line":42,"column":4}},"line":24},"12":{"name":"nextPlayerIndex","decl":{"start":{"line":44,"column":26},"end":{"line":48,"column":4}},"loc":{"start":{"line":44,"column":26},"end":{"line":48,"column":4}},"line":44},"13":{"name":"generatePlayerBoards","decl":{"start":{"line":50,"column":31},"end":{"line":57,"column":4}},"loc":{"start":{"line":50,"column":31},"end":{"line":57,"column":4}},"line":50},"14":{"name":"printPlayerBoards","decl":{"start":{"line":59,"column":28},"end":{"line":67,"column":4}},"loc":{"start":{"line":59,"column":28},"end":{"line":67,"column":4}},"line":59},"15":{"name":"printInitialBoardForPlayer","decl":{"start":{"line":69,"column":37},"end":{"line":115,"column":4}},"loc":{"start":{"line":69,"column":37},"end":{"line":115,"column":4}},"line":69},"16":{"name":"isGameOver","decl":{"start":{"line":117,"column":21},"end":{"line":117,"column":27}},"loc":{"start":{"line":117,"column":21},"end":{"line":117,"column":27}},"line":117},"17":{"name":"playerTakesTurn","decl":{"start":{"line":119,"column":26},"end":{"line":125,"column":4}},"loc":{"start":{"line":119,"column":26},"end":{"line":125,"column":4}},"line":119},"18":{"name":"currentPlayerCanMakeAMove","decl":{"start":{"line":127,"column":36},"end":{"line":127,"column":42}},"loc":{"start":{"line":127,"column":36},"end":{"line":127,"column":42}},"line":127},"19":{"name":"chooseSpaceToAttack","decl":{"start":{"line":129,"column":30},"end":{"line":132,"column":4}},"loc":{"start":{"line":129,"column":30},"end":{"line":132,"column":4}},"line":129},"20":{"name":"generateTestMatch","decl":{"start":{"line":134,"column":28},"end":{"line":155,"column":4}},"loc":{"start":{"line":134,"column":28},"end":{"line":155,"column":4}},"line":134}},"f":{"0":18,"1":23,"2":0,"3":0,"4":30,"5":0,"6":0,"7":4,"8":5,"9":34,"10":1,"11":3136,"12":4,"13":15,"14":14,"15":28,"16":0,"17":0,"18":0,"19":0,"20":0}}
,"/Users/joshlee/repos/javascript_course/odin-battleship/src/gameboard.js": {"path":"/Users/joshlee/repos/javascript_course/odin-battleship/src/gameboard.js","all":false,"statementMap":{"0":{"start":{"line":1,"column":0},"end":{"line":1,"column":25}},"1":{"start":{"line":2,"column":0},"end":{"line":2,"column":28}},"2":{"start":{"line":3,"column":0},"end":{"line":3,"column":19}},"3":{"start":{"line":4,"column":0},"end":{"line":4,"column":37}},"4":{"start":{"line":5,"column":0},"end":{"line":5,"column":29}},"5":{"start":{"line":6,"column":0},"end":{"line":6,"column":27}},"6":{"start":{"line":7,"column":0},"end":{"line":7,"column":18}},"7":{"start":{"line":8,"column":0},"end":{"line":8,"column":0}},"8":{"start":{"line":9,"column":0},"end":{"line":9,"column":32}},"9":{"start":{"line":10,"column":0},"end":{"line":10,"column":36}},"10":{"start":{"line":11,"column":0},"end":{"line":11,"column":54}},"11":{"start":{"line":12,"column":0},"end":{"line":12,"column":5}},"12":{"start":{"line":13,"column":0},"end":{"line":13,"column":4}},"13":{"start":{"line":14,"column":0},"end":{"line":14,"column":0}},"14":{"start":{"line":15,"column":0},"end":{"line":15,"column":46}},"15":{"start":{"line":16,"column":0},"end":{"line":16,"column":33}},"16":{"start":{"line":17,"column":0},"end":{"line":17,"column":4}},"17":{"start":{"line":18,"column":0},"end":{"line":18,"column":0}},"18":{"start":{"line":19,"column":0},"end":{"line":19,"column":43}},"19":{"start":{"line":20,"column":0},"end":{"line":20,"column":0}},"20":{"start":{"line":21,"column":0},"end":{"line":21,"column":33}},"21":{"start":{"line":22,"column":0},"end":{"line":22,"column":32}},"22":{"start":{"line":23,"column":0},"end":{"line":23,"column":39}},"23":{"start":{"line":24,"column":0},"end":{"line":24,"column":26}},"24":{"start":{"line":25,"column":0},"end":{"line":25,"column":7}},"25":{"start":{"line":26,"column":0},"end":{"line":26,"column":29}},"26":{"start":{"line":27,"column":0},"end":{"line":27,"column":5}},"27":{"start":{"line":28,"column":0},"end":{"line":28,"column":32}},"28":{"start":{"line":29,"column":0},"end":{"line":29,"column":4}},"29":{"start":{"line":30,"column":0},"end":{"line":30,"column":0}},"30":{"start":{"line":31,"column":0},"end":{"line":31,"column":66}},"31":{"start":{"line":32,"column":0},"end":{"line":32,"column":0}},"32":{"start":{"line":33,"column":0},"end":{"line":33,"column":68}},"33":{"start":{"line":34,"column":0},"end":{"line":34,"column":0}},"34":{"start":{"line":35,"column":0},"end":{"line":35,"column":49}},"35":{"start":{"line":36,"column":0},"end":{"line":36,"column":0}},"36":{"start":{"line":37,"column":0},"end":{"line":37,"column":55}},"37":{"start":{"line":38,"column":0},"end":{"line":38,"column":0}},"38":{"start":{"line":39,"column":0},"end":{"line":39,"column":31}},"39":{"start":{"line":40,"column":0},"end":{"line":40,"column":0}},"40":{"start":{"line":41,"column":0},"end":{"line":41,"column":105}},"41":{"start":{"line":42,"column":0},"end":{"line":42,"column":0}},"42":{"start":{"line":43,"column":0},"end":{"line":43,"column":55}},"43":{"start":{"line":44,"column":0},"end":{"line":44,"column":28}},"44":{"start":{"line":45,"column":0},"end":{"line":45,"column":34}},"45":{"start":{"line":46,"column":0},"end":{"line":46,"column":56}},"46":{"start":{"line":47,"column":0},"end":{"line":47,"column":38}},"47":{"start":{"line":48,"column":0},"end":{"line":48,"column":7}},"48":{"start":{"line":49,"column":0},"end":{"line":49,"column":5}},"49":{"start":{"line":50,"column":0},"end":{"line":50,"column":0}},"50":{"start":{"line":51,"column":0},"end":{"line":51,"column":35}},"51":{"start":{"line":52,"column":0},"end":{"line":52,"column":56}},"52":{"start":{"line":53,"column":0},"end":{"line":53,"column":38}},"53":{"start":{"line":54,"column":0},"end":{"line":54,"column":7}},"54":{"start":{"line":55,"column":0},"end":{"line":55,"column":5}},"55":{"start":{"line":56,"column":0},"end":{"line":56,"column":0}},"56":{"start":{"line":57,"column":0},"end":{"line":57,"column":24}},"57":{"start":{"line":58,"column":0},"end":{"line":58,"column":4}},"58":{"start":{"line":59,"column":0},"end":{"line":59,"column":0}},"59":{"start":{"line":60,"column":0},"end":{"line":60,"column":35}},"60":{"start":{"line":61,"column":0},"end":{"line":61,"column":45}},"61":{"start":{"line":62,"column":0},"end":{"line":62,"column":45}},"62":{"start":{"line":63,"column":0},"end":{"line":63,"column":4}},"63":{"start":{"line":64,"column":0},"end":{"line":64,"column":0}},"64":{"start":{"line":65,"column":0},"end":{"line":65,"column":40}},"65":{"start":{"line":66,"column":0},"end":{"line":66,"column":39}},"66":{"start":{"line":67,"column":0},"end":{"line":67,"column":32}},"67":{"start":{"line":68,"column":0},"end":{"line":68,"column":25}},"68":{"start":{"line":69,"column":0},"end":{"line":69,"column":34}},"69":{"start":{"line":70,"column":0},"end":{"line":70,"column":24}},"70":{"start":{"line":71,"column":0},"end":{"line":71,"column":5}},"71":{"start":{"line":72,"column":0},"end":{"line":72,"column":39}},"72":{"start":{"line":73,"column":0},"end":{"line":73,"column":23}},"73":{"start":{"line":74,"column":0},"end":{"line":74,"column":4}},"74":{"start":{"line":75,"column":0},"end":{"line":75,"column":0}},"75":{"start":{"line":76,"column":0},"end":{"line":76,"column":56}},"76":{"start":{"line":77,"column":0},"end":{"line":77,"column":72}},"77":{"start":{"line":78,"column":0},"end":{"line":78,"column":51}},"78":{"start":{"line":79,"column":0},"end":{"line":79,"column":48}},"79":{"start":{"line":80,"column":0},"end":{"line":80,"column":4}},"80":{"start":{"line":81,"column":0},"end":{"line":81,"column":0}},"81":{"start":{"line":82,"column":0},"end":{"line":82,"column":54}},"82":{"start":{"line":83,"column":0},"end":{"line":83,"column":77}},"83":{"start":{"line":84,"column":0},"end":{"line":84,"column":193}},"84":{"start":{"line":85,"column":0},"end":{"line":85,"column":32}},"85":{"start":{"line":86,"column":0},"end":{"line":86,"column":4}},"86":{"start":{"line":87,"column":0},"end":{"line":87,"column":0}},"87":{"start":{"line":88,"column":0},"end":{"line":88,"column":44}},"88":{"start":{"line":89,"column":0},"end":{"line":89,"column":65}},"89":{"start":{"line":90,"column":0},"end":{"line":90,"column":0}},"90":{"start":{"line":91,"column":0},"end":{"line":91,"column":41}},"91":{"start":{"line":92,"column":0},"end":{"line":92,"column":91}},"92":{"start":{"line":93,"column":0},"end":{"line":93,"column":21}},"93":{"start":{"line":94,"column":0},"end":{"line":94,"column":7}},"94":{"start":{"line":95,"column":0},"end":{"line":95,"column":48}},"95":{"start":{"line":96,"column":0},"end":{"line":96,"column":7}},"96":{"start":{"line":97,"column":0},"end":{"line":97,"column":4}},"97":{"start":{"line":98,"column":0},"end":{"line":98,"column":0}},"98":{"start":{"line":99,"column":0},"end":{"line":99,"column":65}},"99":{"start":{"line":100,"column":0},"end":{"line":100,"column":71}},"100":{"start":{"line":101,"column":0},"end":{"line":101,"column":4}},"101":{"start":{"line":102,"column":0},"end":{"line":102,"column":0}},"102":{"start":{"line":103,"column":0},"end":{"line":103,"column":59}},"103":{"start":{"line":104,"column":0},"end":{"line":104,"column":24}},"104":{"start":{"line":105,"column":0},"end":{"line":105,"column":87}},"105":{"start":{"line":106,"column":0},"end":{"line":106,"column":69}},"106":{"start":{"line":107,"column":0},"end":{"line":107,"column":69}},"107":{"start":{"line":108,"column":0},"end":{"line":108,"column":7}},"108":{"start":{"line":109,"column":0},"end":{"line":109,"column":4}},"109":{"start":{"line":110,"column":0},"end":{"line":110,"column":0}},"110":{"start":{"line":111,"column":0},"end":{"line":111,"column":75}},"111":{"start":{"line":112,"column":0},"end":{"line":112,"column":57}},"112":{"start":{"line":113,"column":0},"end":{"line":113,"column":0}},"113":{"start":{"line":114,"column":0},"end":{"line":114,"column":61}},"114":{"start":{"line":115,"column":0},"end":{"line":115,"column":53}},"115":{"start":{"line":116,"column":0},"end":{"line":116,"column":78}},"116":{"start":{"line":117,"column":0},"end":{"line":117,"column":67}},"117":{"start":{"line":118,"column":0},"end":{"line":118,"column":33}},"118":{"start":{"line":119,"column":0},"end":{"line":119,"column":53}},"119":{"start":{"line":120,"column":0},"end":{"line":120,"column":5}},"120":{"start":{"line":121,"column":0},"end":{"line":121,"column":63}},"121":{"start":{"line":122,"column":0},"end":{"line":122,"column":52}},"122":{"start":{"line":123,"column":0},"end":{"line":123,"column":5}},"123":{"start":{"line":124,"column":0},"end":{"line":124,"column":42}},"124":{"start":{"line":125,"column":0},"end":{"line":125,"column":4}},"125":{"start":{"line":126,"column":0},"end":{"line":126,"column":0}},"126":{"start":{"line":127,"column":0},"end":{"line":127,"column":34}},"127":{"start":{"line":128,"column":0},"end":{"line":128,"column":27}},"128":{"start":{"line":129,"column":0},"end":{"line":129,"column":47}},"129":{"start":{"line":130,"column":0},"end":{"line":130,"column":40}},"130":{"start":{"line":131,"column":0},"end":{"line":131,"column":29}},"131":{"start":{"line":132,"column":0},"end":{"line":132,"column":49}},"132":{"start":{"line":133,"column":0},"end":{"line":133,"column":9}},"133":{"start":{"line":134,"column":0},"end":{"line":134,"column":9}},"134":{"start":{"line":135,"column":0},"end":{"line":135,"column":7}},"135":{"start":{"line":136,"column":0},"end":{"line":136,"column":23}},"136":{"start":{"line":137,"column":0},"end":{"line":137,"column":4}},"137":{"start":{"line":138,"column":0},"end":{"line":138,"column":0}},"138":{"start":{"line":139,"column":0},"end":{"line":139,"column":42}},"139":{"start":{"line":140,"column":0},"end":{"line":140,"column":27}},"140":{"start":{"line":141,"column":0},"end":{"line":141,"column":0}},"141":{"start":{"line":142,"column":0},"end":{"line":142,"column":47}},"142":{"start":{"line":143,"column":0},"end":{"line":143,"column":44}},"143":{"start":{"line":144,"column":0},"end":{"line":144,"column":112}},"144":{"start":{"line":145,"column":0},"end":{"line":145,"column":49}},"145":{"start":{"line":146,"column":0},"end":{"line":146,"column":9}},"146":{"start":{"line":147,"column":0},"end":{"line":147,"column":9}},"147":{"start":{"line":148,"column":0},"end":{"line":148,"column":7}},"148":{"start":{"line":149,"column":0},"end":{"line":149,"column":23}},"149":{"start":{"line":150,"column":0},"end":{"line":150,"column":4}},"150":{"start":{"line":151,"column":0},"end":{"line":151,"column":0}},"151":{"start":{"line":152,"column":0},"end":{"line":152,"column":10}},"152":{"start":{"line":153,"column":0},"end":{"line":153,"column":22}},"153":{"start":{"line":154,"column":0},"end":{"line":154,"column":15}},"154":{"start":{"line":155,"column":0},"end":{"line":155,"column":14}},"155":{"start":{"line":156,"column":0},"end":{"line":156,"column":20}},"156":{"start":{"line":157,"column":0},"end":{"line":157,"column":28}},"157":{"start":{"line":158,"column":0},"end":{"line":158,"column":15}},"158":{"start":{"line":159,"column":0},"end":{"line":159,"column":18}},"159":{"start":{"line":160,"column":0},"end":{"line":160,"column":19}},"160":{"start":{"line":161,"column":0},"end":{"line":161,"column":12}},"161":{"start":{"line":162,"column":0},"end":{"line":162,"column":13}},"162":{"start":{"line":163,"column":0},"end":{"line":163,"column":16}},"163":{"start":{"line":164,"column":0},"end":{"line":164,"column":23}},"164":{"start":{"line":165,"column":0},"end":{"line":165,"column":21}},"165":{"start":{"line":166,"column":0},"end":{"line":166,"column":19}},"166":{"start":{"line":167,"column":0},"end":{"line":167,"column":19}},"167":{"start":{"line":168,"column":0},"end":{"line":168,"column":29}},"168":{"start":{"line":169,"column":0},"end":{"line":169,"column":4}},"169":{"start":{"line":170,"column":0},"end":{"line":170,"column":2}},"170":{"start":{"line":171,"column":0},"end":{"line":171,"column":0}},"171":{"start":{"line":172,"column":0},"end":{"line":172,"column":25}}},"s":{"0":1,"1":44,"2":44,"3":44,"4":44,"5":44,"6":44,"7":44,"8":44,"9":43,"10":376,"11":376,"12":43,"13":44,"14":44,"15":30,"16":30,"17":44,"18":44,"19":44,"20":44,"21":210,"22":6,"23":5,"24":5,"25":1,"26":1,"27":204,"28":204,"29":44,"30":44,"31":44,"32":44,"33":44,"34":44,"35":44,"36":44,"37":44,"38":44,"39":44,"40":44,"41":44,"42":44,"43":23,"44":23,"45":13,"46":34,"47":34,"48":13,"49":23,"50":23,"51":10,"52":27,"53":27,"54":10,"55":23,"56":23,"57":23,"58":44,"59":44,"60":15,"61":15,"62":15,"63":44,"64":44,"65":15,"66":15,"67":10,"68":10,"69":10,"70":10,"71":5,"72":5,"73":5,"74":44,"75":44,"76":15,"77":15,"78":15,"79":15,"80":44,"81":44,"82":57,"83":57,"84":57,"85":57,"86":44,"87":44,"88":6,"89":6,"90":6,"91":18,"92":2,"93":2,"94":16,"95":16,"96":6,"97":44,"98":44,"99":42,"100":42,"101":44,"102":44,"103":17,"104":17,"105":42,"106":42,"107":42,"108":17,"109":44,"110":44,"111":42,"112":42,"113":42,"114":42,"115":42,"116":42,"117":42,"118":17,"119":17,"120":42,"121":0,"122":0,"123":42,"124":42,"125":44,"126":44,"127":3,"128":3,"129":18,"130":132,"131":127,"132":127,"133":132,"134":18,"135":3,"136":3,"137":44,"138":44,"139":1,"140":1,"141":1,"142":10,"143":100,"144":100,"145":100,"146":100,"147":10,"148":1,"149":1,"150":44,"151":44,"152":44,"153":44,"154":44,"155":44,"156":44,"157":44,"158":44,"159":44,"160":44,"161":44,"162":44,"163":44,"164":44,"165":44,"166":44,"167":44,"168":44,"169":44,"170":1,"171":1},"branchMap":{"0":{"type":"branch","line":1,"loc":{"start":{"line":1,"column":18},"end":{"line":170,"column":2}},"locations":[{"start":{"line":1,"column":18},"end":{"line":170,"column":2}}]},"1":{"type":"branch","line":9,"loc":{"start":{"line":9,"column":21},"end":{"line":13,"column":4}},"locations":[{"start":{"line":9,"column":21},"end":{"line":13,"column":4}}]},"2":{"type":"branch","line":10,"loc":{"start":{"line":10,"column":35},"end":{"line":12,"column":5}},"locations":[{"start":{"line":10,"column":35},"end":{"line":12,"column":5}}]},"3":{"type":"branch","line":15,"loc":{"start":{"line":15,"column":25},"end":{"line":17,"column":4}},"locations":[{"start":{"line":15,"column":25},"end":{"line":17,"column":4}}]},"4":{"type":"branch","line":21,"loc":{"start":{"line":21,"column":22},"end":{"line":29,"column":4}},"locations":[{"start":{"line":21,"column":22},"end":{"line":29,"column":4}}]},"5":{"type":"branch","line":22,"loc":{"start":{"line":22,"column":31},"end":{"line":27,"column":5}},"locations":[{"start":{"line":22,"column":31},"end":{"line":27,"column":5}}]},"6":{"type":"branch","line":23,"loc":{"start":{"line":23,"column":38},"end":{"line":27,"column":5}},"locations":[{"start":{"line":23,"column":38},"end":{"line":27,"column":5}}]},"7":{"type":"branch","line":26,"loc":{"start":{"line":26,"column":-1},"end":{"line":27,"column":5}},"locations":[{"start":{"line":26,"column":-1},"end":{"line":27,"column":5}}]},"8":{"type":"branch","line":28,"loc":{"start":{"line":28,"column":-1},"end":{"line":29,"column":4}},"locations":[{"start":{"line":28,"column":-1},"end":{"line":29,"column":4}}]},"9":{"type":"branch","line":33,"loc":{"start":{"line":33,"column":25},"end":{"line":33,"column":31}},"locations":[{"start":{"line":33,"column":25},"end":{"line":33,"column":31}}]},"10":{"type":"branch","line":33,"loc":{"start":{"line":33,"column":43},"end":{"line":33,"column":44}},"locations":[{"start":{"line":33,"column":43},"end":{"line":33,"column":44}}]},"11":{"type":"branch","line":35,"loc":{"start":{"line":35,"column":28},"end":{"line":35,"column":34}},"locations":[{"start":{"line":35,"column":28},"end":{"line":35,"column":34}}]},"12":{"type":"branch","line":37,"loc":{"start":{"line":37,"column":18},"end":{"line":37,"column":19}},"locations":[{"start":{"line":37,"column":18},"end":{"line":37,"column":19}}]},"13":{"type":"branch","line":39,"loc":{"start":{"line":39,"column":19},"end":{"line":39,"column":25}},"locations":[{"start":{"line":39,"column":19},"end":{"line":39,"column":25}}]},"14":{"type":"branch","line":41,"loc":{"start":{"line":41,"column":26},"end":{"line":41,"column":27}},"locations":[{"start":{"line":41,"column":26},"end":{"line":41,"column":27}}]},"15":{"type":"branch","line":41,"loc":{"start":{"line":41,"column":39},"end":{"line":41,"column":105}},"locations":[{"start":{"line":41,"column":39},"end":{"line":41,"column":105}}]},"16":{"type":"branch","line":43,"loc":{"start":{"line":43,"column":32},"end":{"line":58,"column":4}},"locations":[{"start":{"line":43,"column":32},"end":{"line":58,"column":4}}]},"17":{"type":"branch","line":45,"loc":{"start":{"line":45,"column":33},"end":{"line":49,"column":5}},"locations":[{"start":{"line":45,"column":33},"end":{"line":49,"column":5}}]},"18":{"type":"branch","line":46,"loc":{"start":{"line":46,"column":55},"end":{"line":48,"column":7}},"locations":[{"start":{"line":46,"column":55},"end":{"line":48,"column":7}}]},"19":{"type":"branch","line":51,"loc":{"start":{"line":51,"column":34},"end":{"line":55,"column":5}},"locations":[{"start":{"line":51,"column":34},"end":{"line":55,"column":5}}]},"20":{"type":"branch","line":52,"loc":{"start":{"line":52,"column":55},"end":{"line":54,"column":7}},"locations":[{"start":{"line":52,"column":55},"end":{"line":54,"column":7}}]},"21":{"type":"branch","line":60,"loc":{"start":{"line":60,"column":24},"end":{"line":63,"column":4}},"locations":[{"start":{"line":60,"column":24},"end":{"line":63,"column":4}}]},"22":{"type":"branch","line":65,"loc":{"start":{"line":65,"column":29},"end":{"line":74,"column":4}},"locations":[{"start":{"line":65,"column":29},"end":{"line":74,"column":4}}]},"23":{"type":"branch","line":67,"loc":{"start":{"line":67,"column":31},"end":{"line":71,"column":5}},"locations":[{"start":{"line":67,"column":31},"end":{"line":71,"column":5}}]},"24":{"type":"branch","line":72,"loc":{"start":{"line":72,"column":-1},"end":{"line":74,"column":4}},"locations":[{"start":{"line":72,"column":-1},"end":{"line":74,"column":4}}]},"25":{"type":"branch","line":76,"loc":{"start":{"line":76,"column":36},"end":{"line":80,"column":4}},"locations":[{"start":{"line":76,"column":36},"end":{"line":80,"column":4}}]},"26":{"type":"branch","line":82,"loc":{"start":{"line":82,"column":30},"end":{"line":86,"column":4}},"locations":[{"start":{"line":82,"column":30},"end":{"line":86,"column":4}}]},"27":{"type":"branch","line":84,"loc":{"start":{"line":84,"column":55},"end":{"line":84,"column":56}},"locations":[{"start":{"line":84,"column":55},"end":{"line":84,"column":56}}]},"28":{"type":"branch","line":84,"loc":{"start":{"line":84,"column":66},"end":{"line":84,"column":132}},"locations":[{"start":{"line":84,"column":66},"end":{"line":84,"column":132}}]},"29":{"type":"branch","line":84,"loc":{"start":{"line":84,"column":66},"end":{"line":84,"column":193}},"locations":[{"start":{"line":84,"column":66},"end":{"line":84,"column":193}}]},"30":{"type":"branch","line":88,"loc":{"start":{"line":88,"column":21},"end":{"line":97,"column":4}},"locations":[{"start":{"line":88,"column":21},"end":{"line":97,"column":4}}]},"31":{"type":"branch","line":91,"loc":{"start":{"line":91,"column":30},"end":{"line":96,"column":7}},"locations":[{"start":{"line":91,"column":30},"end":{"line":96,"column":7}}]},"32":{"type":"branch","line":92,"loc":{"start":{"line":92,"column":10},"end":{"line":92,"column":90}},"locations":[{"start":{"line":92,"column":10},"end":{"line":92,"column":90}}]},"33":{"type":"branch","line":92,"loc":{"start":{"line":92,"column":90},"end":{"line":94,"column":7}},"locations":[{"start":{"line":92,"column":90},"end":{"line":94,"column":7}}]},"34":{"type":"branch","line":95,"loc":{"start":{"line":95,"column":-1},"end":{"line":96,"column":7}},"locations":[{"start":{"line":95,"column":-1},"end":{"line":96,"column":7}}]},"35":{"type":"branch","line":99,"loc":{"start":{"line":99,"column":34},"end":{"line":101,"column":4}},"locations":[{"start":{"line":99,"column":34},"end":{"line":101,"column":4}}]},"36":{"type":"branch","line":103,"loc":{"start":{"line":103,"column":20},"end":{"line":109,"column":4}},"locations":[{"start":{"line":103,"column":20},"end":{"line":109,"column":4}}]},"37":{"type":"branch","line":105,"loc":{"start":{"line":105,"column":68},"end":{"line":108,"column":7}},"locations":[{"start":{"line":105,"column":68},"end":{"line":108,"column":7}}]},"38":{"type":"branch","line":111,"loc":{"start":{"line":111,"column":34},"end":{"line":125,"column":4}},"locations":[{"start":{"line":111,"column":34},"end":{"line":125,"column":4}}]},"39":{"type":"branch","line":116,"loc":{"start":{"line":116,"column":26},"end":{"line":116,"column":65}},"locations":[{"start":{"line":116,"column":26},"end":{"line":116,"column":65}}]},"40":{"type":"branch","line":116,"loc":{"start":{"line":116,"column":26},"end":{"line":116,"column":78}},"locations":[{"start":{"line":116,"column":26},"end":{"line":116,"column":78}}]},"41":{"type":"branch","line":118,"loc":{"start":{"line":118,"column":32},"end":{"line":120,"column":5}},"locations":[{"start":{"line":118,"column":32},"end":{"line":120,"column":5}}]},"42":{"type":"branch","line":121,"loc":{"start":{"line":121,"column":62},"end":{"line":123,"column":5}},"locations":[{"start":{"line":121,"column":62},"end":{"line":123,"column":5}}]},"43":{"type":"branch","line":127,"loc":{"start":{"line":127,"column":27},"end":{"line":137,"column":4}},"locations":[{"start":{"line":127,"column":27},"end":{"line":137,"column":4}}]},"44":{"type":"branch","line":129,"loc":{"start":{"line":129,"column":27},"end":{"line":135,"column":7}},"locations":[{"start":{"line":129,"column":27},"end":{"line":135,"column":7}}]},"45":{"type":"branch","line":130,"loc":{"start":{"line":130,"column":18},"end":{"line":134,"column":9}},"locations":[{"start":{"line":130,"column":18},"end":{"line":134,"column":9}}]},"46":{"type":"branch","line":131,"loc":{"start":{"line":131,"column":28},"end":{"line":133,"column":9}},"locations":[{"start":{"line":131,"column":28},"end":{"line":133,"column":9}}]},"47":{"type":"branch","line":139,"loc":{"start":{"line":139,"column":35},"end":{"line":150,"column":4}},"locations":[{"start":{"line":139,"column":35},"end":{"line":150,"column":4}}]},"48":{"type":"branch","line":142,"loc":{"start":{"line":142,"column":27},"end":{"line":148,"column":7}},"locations":[{"start":{"line":142,"column":27},"end":{"line":148,"column":7}}]},"49":{"type":"branch","line":143,"loc":{"start":{"line":143,"column":18},"end":{"line":147,"column":9}},"locations":[{"start":{"line":143,"column":18},"end":{"line":147,"column":9}}]}},"b":{"0":[44],"1":[43],"2":[376],"3":[30],"4":[210],"5":[6],"6":[5],"7":[1],"8":[204],"9":[4],"10":[10],"11":[33],"12":[26],"13":[2],"14":[243],"15":[20],"16":[23],"17":[13],"18":[34],"19":[10],"20":[27],"21":[15],"22":[15],"23":[10],"24":[5],"25":[15],"26":[57],"27":[3248],"28":[348],"29":[82],"30":[6],"31":[18],"32":[17],"33":[2],"34":[16],"35":[42],"36":[17],"37":[42],"38":[42],"39":[26],"40":[16],"41":[17],"42":[0],"43":[3],"44":[18],"45":[132],"46":[127],"47":[1],"48":[10],"49":[100]},"fnMap":{"0":{"name":"Gameboard","decl":{"start":{"line":1,"column":18},"end":{"line":170,"column":2}},"loc":{"start":{"line":1,"column":18},"end":{"line":170,"column":2}},"line":1},"1":{"name":"setUpBoard","decl":{"start":{"line":9,"column":21},"end":{"line":13,"column":4}},"loc":{"start":{"line":9,"column":21},"end":{"line":13,"column":4}},"line":9},"2":{"name":"setPlayerIndex","decl":{"start":{"line":15,"column":25},"end":{"line":17,"column":4}},"loc":{"start":{"line":15,"column":25},"end":{"line":17,"column":4}},"line":15},"3":{"name":"getPlayerIndex","decl":{"start":{"line":19,"column":25},"end":{"line":19,"column":31}},"loc":{"start":{"line":19,"column":25},"end":{"line":19,"column":31}},"line":19},"4":{"name":"spaceStatus","decl":{"start":{"line":21,"column":22},"end":{"line":29,"column":4}},"loc":{"start":{"line":21,"column":22},"end":{"line":29,"column":4}},"line":21},"5":{"name":"canSpaceBeAttacked","decl":{"start":{"line":31,"column":29},"end":{"line":31,"column":30}},"loc":{"start":{"line":31,"column":29},"end":{"line":31,"column":30}},"line":31},"6":{"name":"isAllShipsSunk","decl":{"start":{"line":33,"column":25},"end":{"line":33,"column":31}},"loc":{"start":{"line":33,"column":25},"end":{"line":33,"column":31}},"line":33},"7":{"name":"getGameboardArray","decl":{"start":{"line":35,"column":28},"end":{"line":35,"column":34}},"loc":{"start":{"line":35,"column":28},"end":{"line":35,"column":34}},"line":35},"8":{"name":"addShip","decl":{"start":{"line":37,"column":18},"end":{"line":37,"column":19}},"loc":{"start":{"line":37,"column":18},"end":{"line":37,"column":19}},"line":37},"9":{"name":"getShips","decl":{"start":{"line":39,"column":19},"end":{"line":39,"column":25}},"loc":{"start":{"line":39,"column":19},"end":{"line":39,"column":25}},"line":39},"10":{"name":"isSpaceOccupied","decl":{"start":{"line":41,"column":26},"end":{"line":41,"column":27}},"loc":{"start":{"line":41,"column":26},"end":{"line":41,"column":27}},"line":41},"11":{"name":"spacesNeededToFitShip","decl":{"start":{"line":43,"column":32},"end":{"line":58,"column":4}},"loc":{"start":{"line":43,"column":32},"end":{"line":58,"column":4}},"line":43},"12":{"name":"receiveAttack","decl":{"start":{"line":60,"column":24},"end":{"line":63,"column":4}},"loc":{"start":{"line":60,"column":24},"end":{"line":63,"column":4}},"line":60},"13":{"name":"receiveAttackLogic","decl":{"start":{"line":65,"column":29},"end":{"line":74,"column":4}},"loc":{"start":{"line":65,"column":29},"end":{"line":74,"column":4}},"line":65},"14":{"name":"printReceiveAttackOutCome","decl":{"start":{"line":76,"column":36},"end":{"line":80,"column":4}},"loc":{"start":{"line":76,"column":36},"end":{"line":80,"column":4}},"line":76},"15":{"name":"findSpaceDOMElement","decl":{"start":{"line":82,"column":30},"end":{"line":86,"column":4}},"loc":{"start":{"line":82,"column":30},"end":{"line":86,"column":4}},"line":82},"16":{"name":"canShipFit","decl":{"start":{"line":88,"column":21},"end":{"line":97,"column":4}},"loc":{"start":{"line":88,"column":21},"end":{"line":97,"column":4}},"line":88},"17":{"name":"placeShipSectionOnSpace","decl":{"start":{"line":99,"column":34},"end":{"line":101,"column":4}},"loc":{"start":{"line":99,"column":34},"end":{"line":101,"column":4}},"line":99},"18":{"name":"placeShip","decl":{"start":{"line":103,"column":20},"end":{"line":109,"column":4}},"loc":{"start":{"line":103,"column":20},"end":{"line":109,"column":4}},"line":103},"19":{"name":"printShipSectionToBoard","decl":{"start":{"line":111,"column":34},"end":{"line":125,"column":4}},"loc":{"start":{"line":111,"column":34},"end":{"line":125,"column":4}},"line":111},"20":{"name":"getAvaibleSpaces","decl":{"start":{"line":127,"column":27},"end":{"line":137,"column":4}},"loc":{"start":{"line":127,"column":27},"end":{"line":137,"column":4}},"line":127},"21":{"name":"getAvaibleSpacesToAttack","decl":{"start":{"line":139,"column":35},"end":{"line":150,"column":4}},"loc":{"start":{"line":139,"column":35},"end":{"line":150,"column":4}},"line":139}},"f":{"0":44,"1":43,"2":30,"3":0,"4":210,"5":0,"6":4,"7":33,"8":26,"9":2,"10":243,"11":23,"12":15,"13":15,"14":15,"15":57,"16":6,"17":42,"18":17,"19":42,"20":3,"21":1}}
,"/Users/joshlee/repos/javascript_course/odin-battleship/src/player.js": {"path":"/Users/joshlee/repos/javascript_course/odin-battleship/src/player.js","all":false,"statementMap":{"0":{"start":{"line":1,"column":0},"end":{"line":1,"column":49}},"1":{"start":{"line":2,"column":0},"end":{"line":2,"column":36}},"2":{"start":{"line":3,"column":0},"end":{"line":3,"column":30}},"3":{"start":{"line":4,"column":0},"end":{"line":4,"column":64}},"4":{"start":{"line":5,"column":0},"end":{"line":5,"column":0}},"5":{"start":{"line":6,"column":0},"end":{"line":6,"column":41}},"6":{"start":{"line":7,"column":0},"end":{"line":7,"column":0}},"7":{"start":{"line":8,"column":0},"end":{"line":8,"column":16}},"8":{"start":{"line":9,"column":0},"end":{"line":9,"column":0}},"9":{"start":{"line":10,"column":0},"end":{"line":10,"column":44}},"10":{"start":{"line":11,"column":0},"end":{"line":11,"column":31}},"11":{"start":{"line":12,"column":0},"end":{"line":12,"column":4}},"12":{"start":{"line":13,"column":0},"end":{"line":13,"column":0}},"13":{"start":{"line":14,"column":0},"end":{"line":14,"column":39}},"14":{"start":{"line":15,"column":0},"end":{"line":15,"column":0}},"15":{"start":{"line":16,"column":0},"end":{"line":16,"column":52}},"16":{"start":{"line":17,"column":0},"end":{"line":17,"column":110}},"17":{"start":{"line":18,"column":0},"end":{"line":18,"column":49}},"18":{"start":{"line":19,"column":0},"end":{"line":19,"column":0}},"19":{"start":{"line":20,"column":0},"end":{"line":20,"column":42}},"20":{"start":{"line":21,"column":0},"end":{"line":21,"column":16}},"21":{"start":{"line":22,"column":0},"end":{"line":22,"column":4}},"22":{"start":{"line":23,"column":0},"end":{"line":23,"column":0}},"23":{"start":{"line":24,"column":0},"end":{"line":24,"column":52}},"24":{"start":{"line":25,"column":0},"end":{"line":25,"column":76}},"25":{"start":{"line":26,"column":0},"end":{"line":26,"column":78}},"26":{"start":{"line":27,"column":0},"end":{"line":27,"column":56}},"27":{"start":{"line":28,"column":0},"end":{"line":28,"column":73}},"28":{"start":{"line":29,"column":0},"end":{"line":29,"column":25}},"29":{"start":{"line":30,"column":0},"end":{"line":30,"column":5}},"30":{"start":{"line":31,"column":0},"end":{"line":31,"column":17}},"31":{"start":{"line":32,"column":0},"end":{"line":32,"column":4}},"32":{"start":{"line":33,"column":0},"end":{"line":33,"column":10}},"33":{"start":{"line":34,"column":0},"end":{"line":34,"column":12}},"34":{"start":{"line":35,"column":0},"end":{"line":35,"column":17}},"35":{"start":{"line":36,"column":0},"end":{"line":36,"column":17}},"36":{"start":{"line":37,"column":0},"end":{"line":37,"column":16}},"37":{"start":{"line":38,"column":0},"end":{"line":38,"column":22}},"38":{"start":{"line":39,"column":0},"end":{"line":39,"column":18}},"39":{"start":{"line":40,"column":0},"end":{"line":40,"column":4}},"40":{"start":{"line":41,"column":0},"end":{"line":41,"column":2}},"41":{"start":{"line":42,"column":0},"end":{"line":42,"column":0}},"42":{"start":{"line":43,"column":0},"end":{"line":43,"column":22}}},"s":{"0":1,"1":37,"2":37,"3":37,"4":37,"5":37,"6":37,"7":37,"8":37,"9":37,"10":31,"11":31,"12":37,"13":37,"14":37,"15":37,"16":12,"17":12,"18":12,"19":12,"20":12,"21":12,"22":37,"23":37,"24":1,"25":1,"26":1,"27":1,"28":1,"29":1,"30":0,"31":0,"32":37,"33":37,"34":37,"35":37,"36":37,"37":37,"38":37,"39":37,"40":37,"41":1,"42":1},"branchMap":{"0":{"type":"branch","line":1,"loc":{"start":{"line":1,"column":15},"end":{"line":41,"column":2}},"locations":[{"start":{"line":1,"column":15},"end":{"line":41,"column":2}}]},"1":{"type":"branch","line":1,"loc":{"start":{"line":1,"column":48},"end":{"line":1,"column":49}},"locations":[{"start":{"line":1,"column":48},"end":{"line":1,"column":49}}]},"2":{"type":"branch","line":1,"loc":{"start":{"line":1,"column":48},"end":{"line":1,"column":49}},"locations":[{"start":{"line":1,"column":48},"end":{"line":1,"column":49}}]},"3":{"type":"branch","line":1,"loc":{"start":{"line":1,"column":48},"end":{"line":1,"column":47}},"locations":[{"start":{"line":1,"column":48},"end":{"line":1,"column":47}}]},"4":{"type":"branch","line":4,"loc":{"start":{"line":4,"column":40},"end":{"line":4,"column":53}},"locations":[{"start":{"line":4,"column":40},"end":{"line":4,"column":53}}]},"5":{"type":"branch","line":4,"loc":{"start":{"line":4,"column":40},"end":{"line":4,"column":64}},"locations":[{"start":{"line":4,"column":40},"end":{"line":4,"column":64}}]},"6":{"type":"branch","line":3,"loc":{"start":{"line":3,"column":18},"end":{"line":3,"column":24}},"locations":[{"start":{"line":3,"column":18},"end":{"line":3,"column":24}}]},"7":{"type":"branch","line":6,"loc":{"start":{"line":6,"column":24},"end":{"line":6,"column":30}},"locations":[{"start":{"line":6,"column":24},"end":{"line":6,"column":30}}]},"8":{"type":"branch","line":10,"loc":{"start":{"line":10,"column":23},"end":{"line":12,"column":4}},"locations":[{"start":{"line":10,"column":23},"end":{"line":12,"column":4}}]},"9":{"type":"branch","line":14,"loc":{"start":{"line":14,"column":23},"end":{"line":14,"column":29}},"locations":[{"start":{"line":14,"column":23},"end":{"line":14,"column":29}}]},"10":{"type":"branch","line":16,"loc":{"start":{"line":16,"column":22},"end":{"line":22,"column":4}},"locations":[{"start":{"line":16,"column":22},"end":{"line":22,"column":4}}]},"11":{"type":"branch","line":18,"loc":{"start":{"line":18,"column":36},"end":{"line":18,"column":43}},"locations":[{"start":{"line":18,"column":36},"end":{"line":18,"column":43}}]},"12":{"type":"branch","line":24,"loc":{"start":{"line":24,"column":28},"end":{"line":32,"column":4}},"locations":[{"start":{"line":24,"column":28},"end":{"line":32,"column":4}}]},"13":{"type":"branch","line":31,"loc":{"start":{"line":31,"column":-1},"end":{"line":32,"column":4}},"locations":[{"start":{"line":31,"column":-1},"end":{"line":32,"column":4}}]}},"b":{"0":[37],"1":[2],"2":[2],"3":[35],"4":[2],"5":[35],"6":[4],"7":[28],"8":[31],"9":[62],"10":[12],"11":[0],"12":[1],"13":[0]},"fnMap":{"0":{"name":"Player","decl":{"start":{"line":1,"column":15},"end":{"line":41,"column":2}},"loc":{"start":{"line":1,"column":15},"end":{"line":41,"column":2}},"line":1},"1":{"name":"isHuman","decl":{"start":{"line":3,"column":18},"end":{"line":3,"column":24}},"loc":{"start":{"line":3,"column":18},"end":{"line":3,"column":24}},"line":3},"2":{"name":"getPlayerName","decl":{"start":{"line":6,"column":24},"end":{"line":6,"column":30}},"loc":{"start":{"line":6,"column":24},"end":{"line":6,"column":30}},"line":6},"3":{"name":"setGameboard","decl":{"start":{"line":10,"column":23},"end":{"line":12,"column":4}},"loc":{"start":{"line":10,"column":23},"end":{"line":12,"column":4}},"line":10},"4":{"name":"getGameboard","decl":{"start":{"line":14,"column":23},"end":{"line":14,"column":29}},"loc":{"start":{"line":14,"column":23},"end":{"line":14,"column":29}},"line":14},"5":{"name":"attackSpace","decl":{"start":{"line":16,"column":22},"end":{"line":22,"column":4}},"loc":{"start":{"line":16,"column":22},"end":{"line":22,"column":4}},"line":16},"6":{"name":"canAttackSpaceOnGameBoard","decl":{"start":{"line":17,"column":38},"end":{"line":17,"column":39}},"loc":{"start":{"line":17,"column":38},"end":{"line":17,"column":39}},"line":17},"7":{"name":"attackRandomSpace","decl":{"start":{"line":24,"column":28},"end":{"line":32,"column":4}},"loc":{"start":{"line":24,"column":28},"end":{"line":32,"column":4}},"line":24}},"f":{"0":37,"1":4,"2":28,"3":31,"4":62,"5":12,"6":0,"7":1}}
,"/Users/joshlee/repos/javascript_course/odin-battleship/src/ship.js": {"path":"/Users/joshlee/repos/javascript_course/odin-battleship/src/ship.js","all":false,"statementMap":{"0":{"start":{"line":1,"column":0},"end":{"line":1,"column":49}},"1":{"start":{"line":2,"column":0},"end":{"line":2,"column":28}},"2":{"start":{"line":3,"column":0},"end":{"line":3,"column":45}},"3":{"start":{"line":4,"column":0},"end":{"line":4,"column":49}},"4":{"start":{"line":5,"column":0},"end":{"line":5,"column":0}},"5":{"start":{"line":6,"column":0},"end":{"line":6,"column":60}},"6":{"start":{"line":7,"column":0},"end":{"line":7,"column":0}},"7":{"start":{"line":8,"column":0},"end":{"line":8,"column":33}},"8":{"start":{"line":9,"column":0},"end":{"line":9,"column":0}},"9":{"start":{"line":10,"column":0},"end":{"line":10,"column":37}},"10":{"start":{"line":11,"column":0},"end":{"line":11,"column":0}},"11":{"start":{"line":12,"column":0},"end":{"line":12,"column":61}},"12":{"start":{"line":13,"column":0},"end":{"line":13,"column":0}},"13":{"start":{"line":14,"column":0},"end":{"line":14,"column":59}},"14":{"start":{"line":15,"column":0},"end":{"line":15,"column":0}},"15":{"start":{"line":16,"column":0},"end":{"line":16,"column":63}},"16":{"start":{"line":17,"column":0},"end":{"line":17,"column":0}},"17":{"start":{"line":18,"column":0},"end":{"line":18,"column":10}},"18":{"start":{"line":19,"column":0},"end":{"line":19,"column":8}},"19":{"start":{"line":20,"column":0},"end":{"line":20,"column":14}},"20":{"start":{"line":21,"column":0},"end":{"line":21,"column":11}},"21":{"start":{"line":22,"column":0},"end":{"line":22,"column":15}},"22":{"start":{"line":23,"column":0},"end":{"line":23,"column":14}},"23":{"start":{"line":24,"column":0},"end":{"line":24,"column":13}},"24":{"start":{"line":25,"column":0},"end":{"line":25,"column":16}},"25":{"start":{"line":26,"column":0},"end":{"line":26,"column":4}},"26":{"start":{"line":27,"column":0},"end":{"line":27,"column":2}},"27":{"start":{"line":28,"column":0},"end":{"line":28,"column":0}},"28":{"start":{"line":29,"column":0},"end":{"line":29,"column":20}}},"s":{"0":1,"1":38,"2":38,"3":38,"4":38,"5":38,"6":38,"7":38,"8":38,"9":38,"10":38,"11":38,"12":38,"13":38,"14":38,"15":38,"16":38,"17":38,"18":38,"19":38,"20":38,"21":38,"22":38,"23":38,"24":38,"25":38,"26":38,"27":1,"28":1},"branchMap":{"0":{"type":"branch","line":1,"loc":{"start":{"line":1,"column":13},"end":{"line":27,"column":2}},"locations":[{"start":{"line":1,"column":13},"end":{"line":27,"column":2}}]},"1":{"type":"branch","line":3,"loc":{"start":{"line":3,"column":21},"end":{"line":3,"column":27}},"locations":[{"start":{"line":3,"column":21},"end":{"line":3,"column":27}}]},"2":{"type":"branch","line":6,"loc":{"start":{"line":6,"column":17},"end":{"line":6,"column":23}},"locations":[{"start":{"line":6,"column":17},"end":{"line":6,"column":23}}]},"3":{"type":"branch","line":6,"loc":{"start":{"line":6,"column":38},"end":{"line":6,"column":39}},"locations":[{"start":{"line":6,"column":38},"end":{"line":6,"column":39}}]},"4":{"type":"branch","line":8,"loc":{"start":{"line":8,"column":20},"end":{"line":8,"column":26}},"locations":[{"start":{"line":8,"column":20},"end":{"line":8,"column":26}}]},"5":{"type":"branch","line":10,"loc":{"start":{"line":10,"column":22},"end":{"line":10,"column":28}},"locations":[{"start":{"line":10,"column":22},"end":{"line":10,"column":28}}]},"6":{"type":"branch","line":12,"loc":{"start":{"line":12,"column":14},"end":{"line":12,"column":61}},"locations":[{"start":{"line":12,"column":14},"end":{"line":12,"column":61}}]},"7":{"type":"branch","line":14,"loc":{"start":{"line":14,"column":20},"end":{"line":14,"column":21}},"locations":[{"start":{"line":14,"column":20},"end":{"line":14,"column":21}}]},"8":{"type":"branch","line":16,"loc":{"start":{"line":16,"column":19},"end":{"line":16,"column":25}},"locations":[{"start":{"line":16,"column":19},"end":{"line":16,"column":25}}]},"9":{"type":"branch","line":16,"loc":{"start":{"line":16,"column":42},"end":{"line":16,"column":43}},"locations":[{"start":{"line":16,"column":42},"end":{"line":16,"column":43}}]}},"b":{"0":[38],"1":[88],"2":[13],"3":[36],"4":[84],"5":[42],"6":[37],"7":[9],"8":[6],"9":[19]},"fnMap":{"0":{"name":"Ship","decl":{"start":{"line":1,"column":13},"end":{"line":27,"column":2}},"loc":{"start":{"line":1,"column":13},"end":{"line":27,"column":2}},"line":1},"1":{"name":"isVertical","decl":{"start":{"line":3,"column":21},"end":{"line":3,"column":27}},"loc":{"start":{"line":3,"column":21},"end":{"line":3,"column":27}},"line":3},"2":{"name":"isSunk","decl":{"start":{"line":6,"column":17},"end":{"line":6,"column":23}},"loc":{"start":{"line":6,"column":17},"end":{"line":6,"column":23}},"line":6},"3":{"name":"getLength","decl":{"start":{"line":8,"column":20},"end":{"line":8,"column":26}},"loc":{"start":{"line":8,"column":20},"end":{"line":8,"column":26}},"line":8},"4":{"name":"getShipHits","decl":{"start":{"line":10,"column":22},"end":{"line":10,"column":28}},"loc":{"start":{"line":10,"column":22},"end":{"line":10,"column":28}},"line":10},"5":{"name":"hit","decl":{"start":{"line":12,"column":14},"end":{"line":12,"column":61}},"loc":{"start":{"line":12,"column":14},"end":{"line":12,"column":61}},"line":12},"6":{"name":"isAreaHit","decl":{"start":{"line":14,"column":20},"end":{"line":14,"column":21}},"loc":{"start":{"line":14,"column":20},"end":{"line":14,"column":21}},"line":14},"7":{"name":"sinkShip","decl":{"start":{"line":16,"column":19},"end":{"line":16,"column":25}},"loc":{"start":{"line":16,"column":19},"end":{"line":16,"column":25}},"line":16}},"f":{"0":38,"1":88,"2":13,"3":84,"4":42,"5":37,"6":9,"7":6}}
}
