{"/Users/joshlee/repos/javascript_course/odin-battleship/src/ship.js": {"path":"/Users/joshlee/repos/javascript_course/odin-battleship/src/ship.js","all":false,"statementMap":{"0":{"start":{"line":1,"column":0},"end":{"line":1,"column":20}},"1":{"start":{"line":2,"column":0},"end":{"line":2,"column":27}},"2":{"start":{"line":3,"column":0},"end":{"line":3,"column":0}},"3":{"start":{"line":4,"column":0},"end":{"line":4,"column":10}},"4":{"start":{"line":5,"column":0},"end":{"line":5,"column":10}},"5":{"start":{"line":6,"column":0},"end":{"line":6,"column":4}},"6":{"start":{"line":7,"column":0},"end":{"line":7,"column":2}},"7":{"start":{"line":8,"column":0},"end":{"line":8,"column":0}},"8":{"start":{"line":9,"column":0},"end":{"line":9,"column":20}}},"s":{"0":1,"1":1,"2":1,"3":1,"4":1,"5":1,"6":1,"7":1,"8":1},"branchMap":{"0":{"type":"branch","line":1,"loc":{"start":{"line":1,"column":13},"end":{"line":7,"column":2}},"locations":[{"start":{"line":1,"column":13},"end":{"line":7,"column":2}}]},"1":{"type":"branch","line":2,"loc":{"start":{"line":2,"column":16},"end":{"line":2,"column":22}},"locations":[{"start":{"line":2,"column":16},"end":{"line":2,"column":22}}]}},"b":{"0":[1],"1":[1]},"fnMap":{"0":{"name":"Ship","decl":{"start":{"line":1,"column":13},"end":{"line":7,"column":2}},"loc":{"start":{"line":1,"column":13},"end":{"line":7,"column":2}},"line":1},"1":{"name":"sayHi","decl":{"start":{"line":2,"column":16},"end":{"line":2,"column":22}},"loc":{"start":{"line":2,"column":16},"end":{"line":2,"column":22}},"line":2}},"f":{"0":1,"1":1}}
}
