TN:
SF:src/gameboard.js
FN:1,Gameboard
FN:4,setUpBoard
FN:10,getGameboardArray
FN:12,isSpaceOccupied
FN:14,spacesNeededToFitShip
FN:31,canShipFit
FN:42,placeShipSectionOnSpace
FN:44,placeShip
FNF:8
FNH:8
FNDA:14,Gameboard
FNDA:14,setUpBoard
FNDA:7,getGameboardArray
FNDA:19,isSpaceOccupied
FNDA:10,spacesNeededToFitShip
FNDA:6,canShipFit
FNDA:16,placeShipSectionOnSpace
FNDA:4,placeShip
DA:1,1
DA:2,14
DA:3,14
DA:4,14
DA:5,14
DA:6,75
DA:7,75
DA:8,14
DA:9,14
DA:10,14
DA:11,14
DA:12,14
DA:13,14
DA:14,14
DA:15,10
DA:16,10
DA:17,5
DA:18,16
DA:19,16
DA:20,5
DA:21,10
DA:22,10
DA:23,5
DA:24,16
DA:25,16
DA:26,5
DA:27,10
DA:28,10
DA:29,10
DA:30,14
DA:31,14
DA:32,6
DA:33,6
DA:34,6
DA:35,18
DA:36,1
DA:37,1
DA:38,17
DA:39,17
DA:40,6
DA:41,14
DA:42,14
DA:43,14
DA:44,14
DA:45,4
DA:46,13
DA:47,13
DA:48,4
DA:49,14
DA:50,14
DA:51,14
DA:52,14
DA:53,14
DA:54,14
DA:55,14
DA:56,14
DA:57,14
DA:58,14
DA:59,1
DA:60,1
LF:60
LH:60
BRDA:1,0,0,14
BRDA:4,1,0,14
BRDA:5,2,0,75
BRDA:10,3,0,7
BRDA:12,4,0,19
BRDA:14,5,0,10
BRDA:16,6,0,5
BRDA:17,7,0,16
BRDA:22,8,0,5
BRDA:23,9,0,16
BRDA:31,10,0,6
BRDA:34,11,0,18
BRDA:35,12,0,17
BRDA:35,13,0,1
BRDA:38,14,0,17
BRDA:42,15,0,16
BRDA:44,16,0,4
BRDA:45,17,0,13
BRF:18
BRH:18
end_of_record
TN:
SF:src/ship.js
FN:1,Ship
FN:3,isVertical
FN:6,isSunk
FN:8,getLength
FN:10,hit
FN:12,isAreaHit
FNF:6
FNH:6
FNDA:15,Ship
FNDA:20,isVertical
FNDA:2,isSunk
FNDA:42,getLength
FNDA:8,hit
FNDA:8,isAreaHit
DA:1,1
DA:2,15
DA:3,15
DA:4,15
DA:5,15
DA:6,15
DA:7,15
DA:8,15
DA:9,15
DA:10,15
DA:11,15
DA:12,15
DA:13,15
DA:14,15
DA:15,15
DA:16,15
DA:17,15
DA:18,15
DA:19,15
DA:20,15
DA:21,15
DA:22,1
DA:23,1
LF:23
LH:23
BRDA:1,0,0,15
BRDA:3,1,0,20
BRDA:6,2,0,2
BRDA:6,3,0,6
BRDA:8,4,0,42
BRDA:10,5,0,8
BRDA:12,6,0,8
BRF:7
BRH:7
end_of_record
