TN:
SF:src/battleshipGame.js
FN:1,BattleshipGame
FN:5,getPlayers
FN:7,getComputerPlayer
FN:9,getHumanPlayer
FN:11,getPlayerIndex
FN:13,getPlayerByIndex
FN:15,getCurrentPlayer
FN:17,getCurrentPlayerIndex
FN:19,setCurrentPlayerIndex
FN:21,addPlayer
FN:23,chooseRandomPlayerIndex
FN:24,createElement
FN:44,nextPlayerIndex
FN:50,generatePlayerBoards
FN:59,printPlayerBoards
FN:69,printInitialBoardForPlayer
FN:117,isGameOver
FN:119,playerTakesTurn
FN:127,currentPlayerCanMakeAMove
FN:129,chooseSpaceToAttack
FN:134,generateTestMatch
FNF:21
FNH:12
FNDA:18,BattleshipGame
FNDA:23,getPlayers
FNDA:0,getComputerPlayer
FNDA:0,getHumanPlayer
FNDA:30,getPlayerIndex
FNDA:0,getPlayerByIndex
FNDA:0,getCurrentPlayer
FNDA:4,getCurrentPlayerIndex
FNDA:5,setCurrentPlayerIndex
FNDA:34,addPlayer
FNDA:1,chooseRandomPlayerIndex
FNDA:3136,createElement
FNDA:4,nextPlayerIndex
FNDA:15,generatePlayerBoards
FNDA:14,printPlayerBoards
FNDA:28,printInitialBoardForPlayer
FNDA:0,isGameOver
FNDA:0,playerTakesTurn
FNDA:0,currentPlayerCanMakeAMove
FNDA:0,chooseSpaceToAttack
FNDA:0,generateTestMatch
DA:1,1
DA:2,18
DA:3,18
DA:4,18
DA:5,18
DA:6,18
DA:7,18
DA:8,18
DA:9,18
DA:10,18
DA:11,18
DA:12,18
DA:13,18
DA:14,18
DA:15,18
DA:16,18
DA:17,18
DA:18,18
DA:19,18
DA:20,18
DA:21,18
DA:22,18
DA:23,18
DA:24,18
DA:25,3136
DA:26,3136
DA:27,3136
DA:28,336
DA:29,5600
DA:30,5600
DA:31,336
DA:32,336
DA:33,336
DA:34,3136
DA:35,3136
DA:36,3136
DA:37,3136
DA:38,3136
DA:39,3136
DA:40,3136
DA:41,3136
DA:42,3136
DA:43,18
DA:44,18
DA:45,4
DA:46,4
DA:47,4
DA:48,4
DA:49,18
DA:50,18
DA:51,15
DA:52,30
DA:53,30
DA:54,30
DA:55,30
DA:56,30
DA:57,15
DA:58,18
DA:59,18
DA:60,14
DA:61,14
DA:62,14
DA:63,14
DA:64,14
DA:65,14
DA:66,14
DA:67,14
DA:68,18
DA:69,18
DA:70,28
DA:71,28
DA:72,28
DA:73,28
DA:74,28
DA:75,28
DA:76,28
DA:77,28
DA:78,28
DA:79,28
DA:80,28
DA:81,280
DA:82,280
DA:83,280
DA:84,280
DA:85,280
DA:86,280
DA:87,2800
DA:88,2800
DA:89,2800
DA:90,2800
DA:91,2800
DA:92,2800
DA:93,2800
DA:94,2800
DA:95,2800
DA:96,2800
DA:97,0
DA:98,0
DA:99,0
DA:100,0
DA:101,0
DA:102,0
DA:103,0
DA:104,0
DA:105,0
DA:106,0
DA:107,0
DA:108,0
DA:109,0
DA:110,0
DA:111,0
DA:112,0
DA:113,2800
DA:114,280
DA:115,28
DA:116,18
DA:117,18
DA:118,18
DA:119,18
DA:120,0
DA:121,0
DA:122,0
DA:123,0
DA:124,0
DA:125,0
DA:126,18
DA:127,18
DA:128,18
DA:129,18
DA:130,0
DA:131,0
DA:132,0
DA:133,18
DA:134,18
DA:135,0
DA:136,0
DA:137,0
DA:138,0
DA:139,0
DA:140,0
DA:141,0
DA:142,0
DA:143,0
DA:144,0
DA:145,0
DA:146,0
DA:147,0
DA:148,0
DA:149,0
DA:150,0
DA:151,0
DA:152,0
DA:153,0
DA:154,0
DA:155,0
DA:156,18
DA:157,18
DA:158,18
DA:159,18
DA:160,18
DA:161,18
DA:162,18
DA:163,18
DA:164,18
DA:165,18
DA:166,18
DA:167,18
DA:168,18
DA:169,18
DA:170,1
DA:171,1
LF:171
LH:125
BRDA:1,0,0,18
BRDA:5,1,0,23
BRDA:11,2,0,30
BRDA:17,3,0,4
BRDA:19,4,0,5
BRDA:21,5,0,34
BRDA:23,6,0,1
BRDA:24,7,0,3136
BRDA:24,8,0,0
BRDA:27,9,0,2800
BRDA:27,10,0,336
BRDA:36,11,0,2800
BRDA:37,12,0,2800
BRDA:38,13,0,28
BRDA:39,14,0,2800
BRDA:28,15,0,5600
BRDA:44,16,0,4
BRDA:46,17,0,2
BRDA:50,18,0,15
BRDA:51,19,0,30
BRDA:59,20,0,14
BRDA:69,21,0,28
BRDA:80,22,0,280
BRDA:86,23,0,2800
BRF:24
BRH:23
end_of_record
TN:
SF:src/gameboard.js
FN:1,Gameboard
FN:9,setUpBoard
FN:15,setPlayerIndex
FN:19,getPlayerIndex
FN:21,spaceStatus
FN:31,canSpaceBeAttacked
FN:33,isAllShipsSunk
FN:35,getGameboardArray
FN:37,addShip
FN:39,getShips
FN:41,isSpaceOccupied
FN:43,spacesNeededToFitShip
FN:60,receiveAttack
FN:65,receiveAttackLogic
FN:76,printReceiveAttackOutCome
FN:82,findSpaceDOMElement
FN:88,canShipFit
FN:99,placeShipSectionOnSpace
FN:103,placeShip
FN:111,printShipSectionToBoard
FN:127,getAvaibleSpaces
FN:139,getAvaibleSpacesToAttack
FNF:22
FNH:20
FNDA:44,Gameboard
FNDA:43,setUpBoard
FNDA:30,setPlayerIndex
FNDA:0,getPlayerIndex
FNDA:210,spaceStatus
FNDA:0,canSpaceBeAttacked
FNDA:4,isAllShipsSunk
FNDA:33,getGameboardArray
FNDA:26,addShip
FNDA:2,getShips
FNDA:243,isSpaceOccupied
FNDA:23,spacesNeededToFitShip
FNDA:15,receiveAttack
FNDA:15,receiveAttackLogic
FNDA:15,printReceiveAttackOutCome
FNDA:57,findSpaceDOMElement
FNDA:6,canShipFit
FNDA:42,placeShipSectionOnSpace
FNDA:17,placeShip
FNDA:42,printShipSectionToBoard
FNDA:3,getAvaibleSpaces
FNDA:1,getAvaibleSpacesToAttack
DA:1,1
DA:2,44
DA:3,44
DA:4,44
DA:5,44
DA:6,44
DA:7,44
DA:8,44
DA:9,44
DA:10,43
DA:11,376
DA:12,376
DA:13,43
DA:14,44
DA:15,44
DA:16,30
DA:17,30
DA:18,44
DA:19,44
DA:20,44
DA:21,44
DA:22,210
DA:23,6
DA:24,5
DA:25,5
DA:26,1
DA:27,1
DA:28,204
DA:29,204
DA:30,44
DA:31,44
DA:32,44
DA:33,44
DA:34,44
DA:35,44
DA:36,44
DA:37,44
DA:38,44
DA:39,44
DA:40,44
DA:41,44
DA:42,44
DA:43,44
DA:44,23
DA:45,23
DA:46,13
DA:47,34
DA:48,34
DA:49,13
DA:50,23
DA:51,23
DA:52,10
DA:53,27
DA:54,27
DA:55,10
DA:56,23
DA:57,23
DA:58,23
DA:59,44
DA:60,44
DA:61,15
DA:62,15
DA:63,15
DA:64,44
DA:65,44
DA:66,15
DA:67,15
DA:68,10
DA:69,10
DA:70,10
DA:71,10
DA:72,5
DA:73,5
DA:74,5
DA:75,44
DA:76,44
DA:77,15
DA:78,15
DA:79,15
DA:80,15
DA:81,44
DA:82,44
DA:83,57
DA:84,57
DA:85,57
DA:86,57
DA:87,44
DA:88,44
DA:89,6
DA:90,6
DA:91,6
DA:92,18
DA:93,2
DA:94,2
DA:95,16
DA:96,16
DA:97,6
DA:98,44
DA:99,44
DA:100,42
DA:101,42
DA:102,44
DA:103,44
DA:104,17
DA:105,17
DA:106,42
DA:107,42
DA:108,42
DA:109,17
DA:110,44
DA:111,44
DA:112,42
DA:113,42
DA:114,42
DA:115,42
DA:116,42
DA:117,42
DA:118,42
DA:119,17
DA:120,17
DA:121,42
DA:122,0
DA:123,0
DA:124,42
DA:125,42
DA:126,44
DA:127,44
DA:128,3
DA:129,3
DA:130,18
DA:131,132
DA:132,127
DA:133,127
DA:134,132
DA:135,18
DA:136,3
DA:137,3
DA:138,44
DA:139,44
DA:140,1
DA:141,1
DA:142,1
DA:143,10
DA:144,100
DA:145,100
DA:146,100
DA:147,100
DA:148,10
DA:149,1
DA:150,1
DA:151,44
DA:152,44
DA:153,44
DA:154,44
DA:155,44
DA:156,44
DA:157,44
DA:158,44
DA:159,44
DA:160,44
DA:161,44
DA:162,44
DA:163,44
DA:164,44
DA:165,44
DA:166,44
DA:167,44
DA:168,44
DA:169,44
DA:170,44
DA:171,1
DA:172,1
LF:172
LH:170
BRDA:1,0,0,44
BRDA:9,1,0,43
BRDA:10,2,0,376
BRDA:15,3,0,30
BRDA:21,4,0,210
BRDA:22,5,0,6
BRDA:23,6,0,5
BRDA:26,7,0,1
BRDA:28,8,0,204
BRDA:33,9,0,4
BRDA:33,10,0,10
BRDA:35,11,0,33
BRDA:37,12,0,26
BRDA:39,13,0,2
BRDA:41,14,0,243
BRDA:41,15,0,20
BRDA:43,16,0,23
BRDA:45,17,0,13
BRDA:46,18,0,34
BRDA:51,19,0,10
BRDA:52,20,0,27
BRDA:60,21,0,15
BRDA:65,22,0,15
BRDA:67,23,0,10
BRDA:72,24,0,5
BRDA:76,25,0,15
BRDA:82,26,0,57
BRDA:84,27,0,3248
BRDA:84,28,0,348
BRDA:84,29,0,82
BRDA:88,30,0,6
BRDA:91,31,0,18
BRDA:92,32,0,17
BRDA:92,33,0,2
BRDA:95,34,0,16
BRDA:99,35,0,42
BRDA:103,36,0,17
BRDA:105,37,0,42
BRDA:111,38,0,42
BRDA:116,39,0,26
BRDA:116,40,0,16
BRDA:118,41,0,17
BRDA:121,42,0,0
BRDA:127,43,0,3
BRDA:129,44,0,18
BRDA:130,45,0,132
BRDA:131,46,0,127
BRDA:139,47,0,1
BRDA:142,48,0,10
BRDA:143,49,0,100
BRF:50
BRH:49
end_of_record
TN:
SF:src/player.js
FN:1,Player
FN:3,isHuman
FN:6,getPlayerName
FN:10,setGameboard
FN:14,getGameboard
FN:16,attackSpace
FN:17,canAttackSpaceOnGameBoard
FN:24,attackRandomSpace
FNF:8
FNH:7
FNDA:37,Player
FNDA:4,isHuman
FNDA:28,getPlayerName
FNDA:31,setGameboard
FNDA:62,getGameboard
FNDA:12,attackSpace
FNDA:0,canAttackSpaceOnGameBoard
FNDA:1,attackRandomSpace
DA:1,1
DA:2,37
DA:3,37
DA:4,37
DA:5,37
DA:6,37
DA:7,37
DA:8,37
DA:9,37
DA:10,37
DA:11,31
DA:12,31
DA:13,37
DA:14,37
DA:15,37
DA:16,37
DA:17,12
DA:18,12
DA:19,12
DA:20,12
DA:21,12
DA:22,12
DA:23,37
DA:24,37
DA:25,1
DA:26,1
DA:27,1
DA:28,1
DA:29,1
DA:30,1
DA:31,0
DA:32,0
DA:33,37
DA:34,37
DA:35,37
DA:36,37
DA:37,37
DA:38,37
DA:39,37
DA:40,37
DA:41,37
DA:42,1
DA:43,1
LF:43
LH:41
BRDA:1,0,0,37
BRDA:1,1,0,2
BRDA:1,2,0,2
BRDA:1,3,0,35
BRDA:4,4,0,2
BRDA:4,5,0,35
BRDA:3,6,0,4
BRDA:6,7,0,28
BRDA:10,8,0,31
BRDA:14,9,0,62
BRDA:16,10,0,12
BRDA:18,11,0,0
BRDA:24,12,0,1
BRDA:31,13,0,0
BRF:14
BRH:12
end_of_record
TN:
SF:src/ship.js
FN:1,Ship
FN:3,isVertical
FN:6,isSunk
FN:8,getLength
FN:10,getShipHits
FN:12,hit
FN:14,isAreaHit
FN:16,sinkShip
FNF:8
FNH:8
FNDA:38,Ship
FNDA:88,isVertical
FNDA:13,isSunk
FNDA:84,getLength
FNDA:42,getShipHits
FNDA:37,hit
FNDA:9,isAreaHit
FNDA:6,sinkShip
DA:1,1
DA:2,38
DA:3,38
DA:4,38
DA:5,38
DA:6,38
DA:7,38
DA:8,38
DA:9,38
DA:10,38
DA:11,38
DA:12,38
DA:13,38
DA:14,38
DA:15,38
DA:16,38
DA:17,38
DA:18,38
DA:19,38
DA:20,38
DA:21,38
DA:22,38
DA:23,38
DA:24,38
DA:25,38
DA:26,38
DA:27,38
DA:28,1
DA:29,1
LF:29
LH:29
BRDA:1,0,0,38
BRDA:3,1,0,88
BRDA:6,2,0,13
BRDA:6,3,0,36
BRDA:8,4,0,84
BRDA:10,5,0,42
BRDA:12,6,0,37
BRDA:14,7,0,9
BRDA:16,8,0,6
BRDA:16,9,0,19
BRF:10
BRH:10
end_of_record
